<?xml version="1.0" encoding="UTF-8"?>
<coverage line-rate="0.8732782369146" branch-rate="0" lines-covered="634" lines-valid="726" branches-covered="0" branches-valid="0" complexity="0" version="3.5.1" timestamp="2022-08-07 01:39:49">
  <sources/>
  <packages>
    <package name="tern.mmrm" line-rate="0.8732782369146" branch-rate="0" complexity="0">
      <classes>
        <class name="assert_data.R" filename="R/assert_data.R" line-rate="1" branch-rate="0" complexity="0">
          <methods>
            <method name="h_assert_one_rec_pt_visit" signature="" line-rate="1" branch-rate="0">
              <lines>
                <line number="16" hits="39" branch="false"/>
                <line number="17" hits="39" branch="false"/>
                <line number="18" hits="39" branch="false"/>
                <line number="19" hits="38" branch="false"/>
                <line number="21" hits="38" branch="false"/>
                <line number="22" hits="38" branch="false"/>
                <line number="23" hits="38" branch="false"/>
                <line number="25" hits="38" branch="false"/>
                <line number="26" hits="2" branch="false"/>
                <line number="27" hits="2" branch="false"/>
                <line number="28" hits="2" branch="false"/>
                <line number="29" hits="2" branch="false"/>
                <line number="30" hits="2" branch="false"/>
                <line number="31" hits="2" branch="false"/>
                <line number="32" hits="2" branch="false"/>
                <line number="33" hits="2" branch="false"/>
                <line number="34" hits="2" branch="false"/>
                <line number="35" hits="2" branch="false"/>
                <line number="36" hits="2" branch="false"/>
              </lines>
            </method>
            <method name="h_assert_rsp_var" signature="" line-rate="1" branch-rate="0">
              <lines>
                <line number="42" hits="37" branch="false"/>
                <line number="43" hits="37" branch="false"/>
                <line number="44" hits="37" branch="false"/>
                <line number="46" hits="37" branch="false"/>
                <line number="47" hits="37" branch="false"/>
              </lines>
            </method>
            <method name="h_assert_visit_var" signature="" line-rate="1" branch-rate="0">
              <lines>
                <line number="52" hits="38" branch="false"/>
                <line number="53" hits="38" branch="false"/>
                <line number="54" hits="37" branch="false"/>
                <line number="56" hits="37" branch="false"/>
                <line number="57" hits="37" branch="false"/>
              </lines>
            </method>
            <method name="h_assert_id_var" signature="" line-rate="1" branch-rate="0">
              <lines>
                <line number="62" hits="37" branch="false"/>
                <line number="63" hits="37" branch="false"/>
                <line number="64" hits="37" branch="false"/>
                <line number="66" hits="37" branch="false"/>
                <line number="67" hits="37" branch="false"/>
              </lines>
            </method>
            <method name="h_assert_data" signature="" line-rate="1" branch-rate="0">
              <lines>
                <line number="72" hits="41" branch="false"/>
                <line number="73" hits="41" branch="false"/>
                <line number="74" hits="41" branch="false"/>
                <line number="75" hits="40" branch="false"/>
                <line number="76" hits="39" branch="false"/>
                <line number="79" hits="39" branch="false"/>
                <line number="80" hits="39" branch="false"/>
                <line number="81" hits="35" branch="false"/>
                <line number="83" hits="35" branch="false"/>
                <line number="84" hits="34" branch="false"/>
                <line number="85" hits="34" branch="false"/>
                <line number="86" hits="34" branch="false"/>
                <line number="89" hits="34" branch="false"/>
                <line number="90" hits="34" branch="false"/>
                <line number="92" hits="34" branch="false"/>
                <line number="93" hits="27" branch="false"/>
                <line number="94" hits="27" branch="false"/>
                <line number="95" hits="27" branch="false"/>
                <line number="96" hits="27" branch="false"/>
                <line number="97" hits="27" branch="false"/>
                <line number="98" hits="27" branch="false"/>
                <line number="100" hits="7" branch="false"/>
              </lines>
            </method>
          </methods>
          <lines>
            <line number="16" hits="39" branch="false"/>
            <line number="17" hits="39" branch="false"/>
            <line number="18" hits="39" branch="false"/>
            <line number="19" hits="38" branch="false"/>
            <line number="21" hits="38" branch="false"/>
            <line number="22" hits="38" branch="false"/>
            <line number="23" hits="38" branch="false"/>
            <line number="25" hits="38" branch="false"/>
            <line number="26" hits="2" branch="false"/>
            <line number="27" hits="2" branch="false"/>
            <line number="28" hits="2" branch="false"/>
            <line number="29" hits="2" branch="false"/>
            <line number="30" hits="2" branch="false"/>
            <line number="31" hits="2" branch="false"/>
            <line number="32" hits="2" branch="false"/>
            <line number="33" hits="2" branch="false"/>
            <line number="34" hits="2" branch="false"/>
            <line number="35" hits="2" branch="false"/>
            <line number="36" hits="2" branch="false"/>
            <line number="42" hits="37" branch="false"/>
            <line number="43" hits="37" branch="false"/>
            <line number="44" hits="37" branch="false"/>
            <line number="46" hits="37" branch="false"/>
            <line number="47" hits="37" branch="false"/>
            <line number="52" hits="38" branch="false"/>
            <line number="53" hits="38" branch="false"/>
            <line number="54" hits="37" branch="false"/>
            <line number="56" hits="37" branch="false"/>
            <line number="57" hits="37" branch="false"/>
            <line number="62" hits="37" branch="false"/>
            <line number="63" hits="37" branch="false"/>
            <line number="64" hits="37" branch="false"/>
            <line number="66" hits="37" branch="false"/>
            <line number="67" hits="37" branch="false"/>
            <line number="72" hits="41" branch="false"/>
            <line number="73" hits="41" branch="false"/>
            <line number="74" hits="41" branch="false"/>
            <line number="75" hits="40" branch="false"/>
            <line number="76" hits="39" branch="false"/>
            <line number="79" hits="39" branch="false"/>
            <line number="80" hits="39" branch="false"/>
            <line number="81" hits="35" branch="false"/>
            <line number="83" hits="35" branch="false"/>
            <line number="84" hits="34" branch="false"/>
            <line number="85" hits="34" branch="false"/>
            <line number="86" hits="34" branch="false"/>
            <line number="89" hits="34" branch="false"/>
            <line number="90" hits="34" branch="false"/>
            <line number="92" hits="34" branch="false"/>
            <line number="93" hits="27" branch="false"/>
            <line number="94" hits="27" branch="false"/>
            <line number="95" hits="27" branch="false"/>
            <line number="96" hits="27" branch="false"/>
            <line number="97" hits="27" branch="false"/>
            <line number="98" hits="27" branch="false"/>
            <line number="100" hits="7" branch="false"/>
          </lines>
        </class>
        <class name="covariance_plot.R" filename="R/covariance_plot.R" line-rate="0.94" branch-rate="0" complexity="0">
          <methods>
            <method name="h_get_timepoint_vars" signature="" line-rate="0.964285714285714" branch-rate="0">
              <lines>
                <line number="21" hits="8" branch="false"/>
                <line number="22" hits="8" branch="false"/>
                <line number="24" hits="8" branch="false"/>
                <line number="25" hits="8" branch="false"/>
                <line number="26" hits="8" branch="false"/>
                <line number="27" hits="8" branch="false"/>
                <line number="28" hits="8" branch="false"/>
                <line number="29" hits="8" branch="false"/>
                <line number="30" hits="8" branch="false"/>
                <line number="31" hits="8" branch="false"/>
                <line number="32" hits="8" branch="false"/>
                <line number="33" hits="8" branch="false"/>
                <line number="35" hits="8" branch="false"/>
                <line number="36" hits="4" branch="false"/>
                <line number="37" hits="4" branch="false"/>
                <line number="38" hits="4" branch="false"/>
                <line number="39" hits="1" branch="false"/>
                <line number="40" hits="1" branch="false"/>
                <line number="41" hits="1" branch="false"/>
                <line number="42" hits="1" branch="false"/>
                <line number="45" hits="4" branch="false"/>
                <line number="46" hits="0" branch="false"/>
                <line number="48" hits="4" branch="false"/>
                <line number="49" hits="4" branch="false"/>
                <line number="52" hits="7" branch="false"/>
                <line number="53" hits="7" branch="false"/>
                <line number="54" hits="7" branch="false"/>
                <line number="55" hits="7" branch="false"/>
              </lines>
            </method>
            <method name="h_vectorization" signature="" line-rate="0.846153846153846" branch-rate="0">
              <lines>
                <line number="73" hits="4" branch="false"/>
                <line number="74" hits="4" branch="false"/>
                <line number="75" hits="4" branch="false"/>
                <line number="76" hits="4" branch="false"/>
                <line number="77" hits="4" branch="false"/>
                <line number="78" hits="4" branch="false"/>
                <line number="79" hits="4" branch="false"/>
                <line number="80" hits="4" branch="false"/>
                <line number="81" hits="4" branch="false"/>
                <line number="82" hits="4" branch="false"/>
                <line number="83" hits="0" branch="false"/>
                <line number="84" hits="0" branch="false"/>
                <line number="86" hits="4" branch="false"/>
              </lines>
            </method>
            <method name="g_covariance" signature="" line-rate="1" branch-rate="0">
              <lines>
                <line number="119" hits="2" branch="false"/>
                <line number="120" hits="2" branch="false"/>
                <line number="121" hits="2" branch="false"/>
                <line number="123" hits="2" branch="false"/>
                <line number="124" hits="2" branch="false"/>
                <line number="125" hits="2" branch="false"/>
                <line number="126" hits="2" branch="false"/>
                <line number="127" hits="2" branch="false"/>
                <line number="128" hits="2" branch="false"/>
              </lines>
            </method>
          </methods>
          <lines>
            <line number="21" hits="8" branch="false"/>
            <line number="22" hits="8" branch="false"/>
            <line number="24" hits="8" branch="false"/>
            <line number="25" hits="8" branch="false"/>
            <line number="26" hits="8" branch="false"/>
            <line number="27" hits="8" branch="false"/>
            <line number="28" hits="8" branch="false"/>
            <line number="29" hits="8" branch="false"/>
            <line number="30" hits="8" branch="false"/>
            <line number="31" hits="8" branch="false"/>
            <line number="32" hits="8" branch="false"/>
            <line number="33" hits="8" branch="false"/>
            <line number="35" hits="8" branch="false"/>
            <line number="36" hits="4" branch="false"/>
            <line number="37" hits="4" branch="false"/>
            <line number="38" hits="4" branch="false"/>
            <line number="39" hits="1" branch="false"/>
            <line number="40" hits="1" branch="false"/>
            <line number="41" hits="1" branch="false"/>
            <line number="42" hits="1" branch="false"/>
            <line number="45" hits="4" branch="false"/>
            <line number="46" hits="0" branch="false"/>
            <line number="48" hits="4" branch="false"/>
            <line number="49" hits="4" branch="false"/>
            <line number="52" hits="7" branch="false"/>
            <line number="53" hits="7" branch="false"/>
            <line number="54" hits="7" branch="false"/>
            <line number="55" hits="7" branch="false"/>
            <line number="73" hits="4" branch="false"/>
            <line number="74" hits="4" branch="false"/>
            <line number="75" hits="4" branch="false"/>
            <line number="76" hits="4" branch="false"/>
            <line number="77" hits="4" branch="false"/>
            <line number="78" hits="4" branch="false"/>
            <line number="79" hits="4" branch="false"/>
            <line number="80" hits="4" branch="false"/>
            <line number="81" hits="4" branch="false"/>
            <line number="82" hits="4" branch="false"/>
            <line number="83" hits="0" branch="false"/>
            <line number="84" hits="0" branch="false"/>
            <line number="86" hits="4" branch="false"/>
            <line number="119" hits="2" branch="false"/>
            <line number="120" hits="2" branch="false"/>
            <line number="121" hits="2" branch="false"/>
            <line number="123" hits="2" branch="false"/>
            <line number="124" hits="2" branch="false"/>
            <line number="125" hits="2" branch="false"/>
            <line number="126" hits="2" branch="false"/>
            <line number="127" hits="2" branch="false"/>
            <line number="128" hits="2" branch="false"/>
          </lines>
        </class>
        <class name="fit_mmrm.R" filename="R/fit_mmrm.R" line-rate="1" branch-rate="0" complexity="0">
          <methods>
            <method name="h_get_diagnostics" signature="" line-rate="1" branch-rate="0">
              <lines>
                <line number="11" hits="29" branch="false"/>
                <line number="12" hits="29" branch="false"/>
                <line number="14" hits="29" branch="false"/>
                <line number="15" hits="29" branch="false"/>
                <line number="16" hits="29" branch="false"/>
                <line number="17" hits="29" branch="false"/>
                <line number="18" hits="29" branch="false"/>
                <line number="19" hits="29" branch="false"/>
                <line number="20" hits="29" branch="false"/>
              </lines>
            </method>
            <method name="fit_mmrm" signature="" line-rate="1" branch-rate="0">
              <lines>
                <line number="135" hits="28" branch="false"/>
                <line number="136" hits="28" branch="false"/>
                <line number="137" hits="28" branch="false"/>
                <line number="139" hits="28" branch="false"/>
                <line number="140" hits="28" branch="false"/>
                <line number="141" hits="28" branch="false"/>
                <line number="142" hits="28" branch="false"/>
                <line number="143" hits="28" branch="false"/>
                <line number="144" hits="28" branch="false"/>
                <line number="145" hits="28" branch="false"/>
                <line number="146" hits="28" branch="false"/>
                <line number="148" hits="28" branch="false"/>
                <line number="149" hits="28" branch="false"/>
                <line number="150" hits="28" branch="false"/>
                <line number="151" hits="28" branch="false"/>
                <line number="152" hits="28" branch="false"/>
                <line number="153" hits="28" branch="false"/>
                <line number="154" hits="28" branch="false"/>
                <line number="156" hits="28" branch="false"/>
                <line number="157" hits="28" branch="false"/>
                <line number="158" hits="28" branch="false"/>
                <line number="159" hits="28" branch="false"/>
                <line number="160" hits="28" branch="false"/>
                <line number="161" hits="28" branch="false"/>
                <line number="162" hits="28" branch="false"/>
                <line number="163" hits="28" branch="false"/>
                <line number="164" hits="28" branch="false"/>
                <line number="165" hits="28" branch="false"/>
                <line number="166" hits="28" branch="false"/>
                <line number="167" hits="28" branch="false"/>
              </lines>
            </method>
          </methods>
          <lines>
            <line number="11" hits="29" branch="false"/>
            <line number="12" hits="29" branch="false"/>
            <line number="14" hits="29" branch="false"/>
            <line number="15" hits="29" branch="false"/>
            <line number="16" hits="29" branch="false"/>
            <line number="17" hits="29" branch="false"/>
            <line number="18" hits="29" branch="false"/>
            <line number="19" hits="29" branch="false"/>
            <line number="20" hits="29" branch="false"/>
            <line number="135" hits="28" branch="false"/>
            <line number="136" hits="28" branch="false"/>
            <line number="137" hits="28" branch="false"/>
            <line number="139" hits="28" branch="false"/>
            <line number="140" hits="28" branch="false"/>
            <line number="141" hits="28" branch="false"/>
            <line number="142" hits="28" branch="false"/>
            <line number="143" hits="28" branch="false"/>
            <line number="144" hits="28" branch="false"/>
            <line number="145" hits="28" branch="false"/>
            <line number="146" hits="28" branch="false"/>
            <line number="148" hits="28" branch="false"/>
            <line number="149" hits="28" branch="false"/>
            <line number="150" hits="28" branch="false"/>
            <line number="151" hits="28" branch="false"/>
            <line number="152" hits="28" branch="false"/>
            <line number="153" hits="28" branch="false"/>
            <line number="154" hits="28" branch="false"/>
            <line number="156" hits="28" branch="false"/>
            <line number="157" hits="28" branch="false"/>
            <line number="158" hits="28" branch="false"/>
            <line number="159" hits="28" branch="false"/>
            <line number="160" hits="28" branch="false"/>
            <line number="161" hits="28" branch="false"/>
            <line number="162" hits="28" branch="false"/>
            <line number="163" hits="28" branch="false"/>
            <line number="164" hits="28" branch="false"/>
            <line number="165" hits="28" branch="false"/>
            <line number="166" hits="28" branch="false"/>
            <line number="167" hits="28" branch="false"/>
          </lines>
        </class>
        <class name="formula.R" filename="R/formula.R" line-rate="1" branch-rate="0" complexity="0">
          <methods>
            <method name="build_formula" signature="" line-rate="1" branch-rate="0">
              <lines>
                <line number="33" hits="32" branch="false"/>
                <line number="34" hits="32" branch="false"/>
                <line number="35" hits="31" branch="false"/>
                <line number="36" hits="31" branch="false"/>
                <line number="37" hits="31" branch="false"/>
                <line number="38" hits="31" branch="false"/>
                <line number="39" hits="31" branch="false"/>
                <line number="40" hits="5" branch="false"/>
                <line number="41" hits="31" branch="false"/>
                <line number="42" hits="26" branch="false"/>
                <line number="43" hits="26" branch="false"/>
                <line number="44" hits="26" branch="false"/>
                <line number="45" hits="26" branch="false"/>
                <line number="46" hits="26" branch="false"/>
                <line number="47" hits="31" branch="false"/>
                <line number="48" hits="31" branch="false"/>
                <line number="49" hits="31" branch="false"/>
                <line number="50" hits="31" branch="false"/>
                <line number="51" hits="31" branch="false"/>
                <line number="52" hits="31" branch="false"/>
                <line number="53" hits="31" branch="false"/>
                <line number="54" hits="31" branch="false"/>
                <line number="55" hits="31" branch="false"/>
                <line number="56" hits="31" branch="false"/>
                <line number="57" hits="31" branch="false"/>
                <line number="58" hits="31" branch="false"/>
                <line number="59" hits="31" branch="false"/>
                <line number="60" hits="31" branch="false"/>
                <line number="61" hits="31" branch="false"/>
                <line number="62" hits="31" branch="false"/>
                <line number="63" hits="31" branch="false"/>
                <line number="64" hits="31" branch="false"/>
                <line number="65" hits="31" branch="false"/>
                <line number="66" hits="31" branch="false"/>
                <line number="67" hits="31" branch="false"/>
                <line number="68" hits="30" branch="false"/>
                <line number="69" hits="30" branch="false"/>
                <line number="70" hits="30" branch="false"/>
                <line number="71" hits="30" branch="false"/>
                <line number="72" hits="30" branch="false"/>
                <line number="74" hits="31" branch="false"/>
                <line number="75" hits="31" branch="false"/>
                <line number="76" hits="31" branch="false"/>
                <line number="77" hits="31" branch="false"/>
                <line number="78" hits="31" branch="false"/>
              </lines>
            </method>
          </methods>
          <lines>
            <line number="33" hits="32" branch="false"/>
            <line number="34" hits="32" branch="false"/>
            <line number="35" hits="31" branch="false"/>
            <line number="36" hits="31" branch="false"/>
            <line number="37" hits="31" branch="false"/>
            <line number="38" hits="31" branch="false"/>
            <line number="39" hits="31" branch="false"/>
            <line number="40" hits="5" branch="false"/>
            <line number="41" hits="31" branch="false"/>
            <line number="42" hits="26" branch="false"/>
            <line number="43" hits="26" branch="false"/>
            <line number="44" hits="26" branch="false"/>
            <line number="45" hits="26" branch="false"/>
            <line number="46" hits="26" branch="false"/>
            <line number="47" hits="31" branch="false"/>
            <line number="48" hits="31" branch="false"/>
            <line number="49" hits="31" branch="false"/>
            <line number="50" hits="31" branch="false"/>
            <line number="51" hits="31" branch="false"/>
            <line number="52" hits="31" branch="false"/>
            <line number="53" hits="31" branch="false"/>
            <line number="54" hits="31" branch="false"/>
            <line number="55" hits="31" branch="false"/>
            <line number="56" hits="31" branch="false"/>
            <line number="57" hits="31" branch="false"/>
            <line number="58" hits="31" branch="false"/>
            <line number="59" hits="31" branch="false"/>
            <line number="60" hits="31" branch="false"/>
            <line number="61" hits="31" branch="false"/>
            <line number="62" hits="31" branch="false"/>
            <line number="63" hits="31" branch="false"/>
            <line number="64" hits="31" branch="false"/>
            <line number="65" hits="31" branch="false"/>
            <line number="66" hits="31" branch="false"/>
            <line number="67" hits="31" branch="false"/>
            <line number="68" hits="30" branch="false"/>
            <line number="69" hits="30" branch="false"/>
            <line number="70" hits="30" branch="false"/>
            <line number="71" hits="30" branch="false"/>
            <line number="72" hits="30" branch="false"/>
            <line number="74" hits="31" branch="false"/>
            <line number="75" hits="31" branch="false"/>
            <line number="76" hits="31" branch="false"/>
            <line number="77" hits="31" branch="false"/>
            <line number="78" hits="31" branch="false"/>
          </lines>
        </class>
        <class name="g_mmrm.R" filename="R/g_mmrm.R" line-rate="0.609649122807018" branch-rate="0" complexity="0">
          <methods>
            <method name="g_mmrm_diagnostic" signature="" line-rate="0" branch-rate="0">
              <lines>
                <line number="49" hits="0" branch="false"/>
                <line number="50" hits="0" branch="false"/>
                <line number="51" hits="0" branch="false"/>
                <line number="53" hits="0" branch="false"/>
                <line number="54" hits="0" branch="false"/>
                <line number="55" hits="0" branch="false"/>
                <line number="56" hits="0" branch="false"/>
                <line number="57" hits="0" branch="false"/>
                <line number="59" hits="0" branch="false"/>
                <line number="60" hits="0" branch="false"/>
                <line number="61" hits="0" branch="false"/>
                <line number="63" hits="0" branch="false"/>
                <line number="64" hits="0" branch="false"/>
                <line number="65" hits="0" branch="false"/>
                <line number="66" hits="0" branch="false"/>
                <line number="67" hits="0" branch="false"/>
                <line number="68" hits="0" branch="false"/>
                <line number="69" hits="0" branch="false"/>
                <line number="70" hits="0" branch="false"/>
                <line number="71" hits="0" branch="false"/>
                <line number="72" hits="0" branch="false"/>
                <line number="73" hits="0" branch="false"/>
                <line number="74" hits="0" branch="false"/>
                <line number="75" hits="0" branch="false"/>
                <line number="76" hits="0" branch="false"/>
                <line number="77" hits="0" branch="false"/>
                <line number="78" hits="0" branch="false"/>
                <line number="79" hits="0" branch="false"/>
                <line number="80" hits="0" branch="false"/>
                <line number="81" hits="0" branch="false"/>
                <line number="82" hits="0" branch="false"/>
                <line number="83" hits="0" branch="false"/>
                <line number="84" hits="0" branch="false"/>
                <line number="85" hits="0" branch="false"/>
                <line number="86" hits="0" branch="false"/>
                <line number="87" hits="0" branch="false"/>
                <line number="88" hits="0" branch="false"/>
                <line number="89" hits="0" branch="false"/>
                <line number="90" hits="0" branch="false"/>
                <line number="91" hits="0" branch="false"/>
                <line number="92" hits="0" branch="false"/>
                <line number="93" hits="0" branch="false"/>
                <line number="94" hits="0" branch="false"/>
                <line number="95" hits="0" branch="false"/>
                <line number="96" hits="0" branch="false"/>
                <line number="97" hits="0" branch="false"/>
                <line number="98" hits="0" branch="false"/>
                <line number="99" hits="0" branch="false"/>
                <line number="100" hits="0" branch="false"/>
                <line number="101" hits="0" branch="false"/>
                <line number="103" hits="0" branch="false"/>
                <line number="104" hits="0" branch="false"/>
                <line number="105" hits="0" branch="false"/>
                <line number="108" hits="0" branch="false"/>
                <line number="109" hits="0" branch="false"/>
                <line number="110" hits="0" branch="false"/>
                <line number="111" hits="0" branch="false"/>
                <line number="112" hits="0" branch="false"/>
                <line number="113" hits="0" branch="false"/>
                <line number="114" hits="0" branch="false"/>
                <line number="115" hits="0" branch="false"/>
                <line number="116" hits="0" branch="false"/>
                <line number="117" hits="0" branch="false"/>
                <line number="118" hits="0" branch="false"/>
                <line number="119" hits="0" branch="false"/>
                <line number="120" hits="0" branch="false"/>
                <line number="121" hits="0" branch="false"/>
                <line number="122" hits="0" branch="false"/>
                <line number="123" hits="0" branch="false"/>
                <line number="124" hits="0" branch="false"/>
                <line number="125" hits="0" branch="false"/>
                <line number="126" hits="0" branch="false"/>
                <line number="127" hits="0" branch="false"/>
                <line number="128" hits="0" branch="false"/>
                <line number="129" hits="0" branch="false"/>
                <line number="130" hits="0" branch="false"/>
                <line number="131" hits="0" branch="false"/>
                <line number="132" hits="0" branch="false"/>
                <line number="133" hits="0" branch="false"/>
                <line number="134" hits="0" branch="false"/>
                <line number="135" hits="0" branch="false"/>
                <line number="136" hits="0" branch="false"/>
                <line number="137" hits="0" branch="false"/>
                <line number="138" hits="0" branch="false"/>
                <line number="139" hits="0" branch="false"/>
                <line number="140" hits="0" branch="false"/>
                <line number="141" hits="0" branch="false"/>
                <line number="142" hits="0" branch="false"/>
              </lines>
            </method>
            <method name="g_mmrm_lsmeans" signature="" line-rate="0.992857142857143" branch-rate="0">
              <lines>
                <line number="260" hits="7" branch="false"/>
                <line number="261" hits="7" branch="false"/>
                <line number="262" hits="7" branch="false"/>
                <line number="263" hits="1" branch="false"/>
                <line number="264" hits="1" branch="false"/>
                <line number="265" hits="1" branch="false"/>
                <line number="266" hits="0" branch="false"/>
                <line number="268" hits="1" branch="false"/>
                <line number="270" hits="6" branch="false"/>
                <line number="272" hits="7" branch="false"/>
                <line number="273" hits="7" branch="false"/>
                <line number="274" hits="7" branch="false"/>
                <line number="275" hits="7" branch="false"/>
                <line number="276" hits="7" branch="false"/>
                <line number="277" hits="7" branch="false"/>
                <line number="278" hits="7" branch="false"/>
                <line number="279" hits="1" branch="false"/>
                <line number="281" hits="7" branch="false"/>
                <line number="282" hits="7" branch="false"/>
                <line number="283" hits="7" branch="false"/>
                <line number="286" hits="7" branch="false"/>
                <line number="287" hits="7" branch="false"/>
                <line number="288" hits="6" branch="false"/>
                <line number="289" hits="6" branch="false"/>
                <line number="290" hits="6" branch="false"/>
                <line number="292" hits="1" branch="false"/>
                <line number="296" hits="7" branch="false"/>
                <line number="297" hits="3" branch="false"/>
                <line number="298" hits="3" branch="false"/>
                <line number="299" hits="3" branch="false"/>
                <line number="300" hits="3" branch="false"/>
                <line number="302" hits="3" branch="false"/>
                <line number="303" hits="3" branch="false"/>
                <line number="304" hits="3" branch="false"/>
                <line number="305" hits="3" branch="false"/>
                <line number="306" hits="3" branch="false"/>
                <line number="307" hits="3" branch="false"/>
                <line number="308" hits="3" branch="false"/>
                <line number="309" hits="3" branch="false"/>
                <line number="311" hits="3" branch="false"/>
                <line number="312" hits="2" branch="false"/>
                <line number="313" hits="2" branch="false"/>
                <line number="314" hits="2" branch="false"/>
                <line number="315" hits="2" branch="false"/>
                <line number="316" hits="2" branch="false"/>
                <line number="317" hits="2" branch="false"/>
                <line number="318" hits="2" branch="false"/>
                <line number="319" hits="2" branch="false"/>
                <line number="320" hits="2" branch="false"/>
                <line number="322" hits="2" branch="false"/>
                <line number="323" hits="2" branch="false"/>
                <line number="324" hits="2" branch="false"/>
                <line number="325" hits="2" branch="false"/>
                <line number="326" hits="2" branch="false"/>
                <line number="327" hits="2" branch="false"/>
                <line number="328" hits="2" branch="false"/>
                <line number="329" hits="2" branch="false"/>
                <line number="330" hits="2" branch="false"/>
                <line number="331" hits="2" branch="false"/>
                <line number="332" hits="2" branch="false"/>
                <line number="334" hits="2" branch="false"/>
                <line number="335" hits="2" branch="false"/>
                <line number="337" hits="1" branch="false"/>
                <line number="339" hits="3" branch="false"/>
                <line number="340" hits="3" branch="false"/>
                <line number="342" hits="7" branch="false"/>
                <line number="344" hits="7" branch="false"/>
                <line number="345" hits="2" branch="false"/>
                <line number="346" hits="7" branch="false"/>
                <line number="347" hits="1" branch="false"/>
                <line number="348" hits="7" branch="false"/>
                <line number="349" hits="4" branch="false"/>
                <line number="350" hits="4" branch="false"/>
                <line number="351" hits="4" branch="false"/>
                <line number="352" hits="4" branch="false"/>
                <line number="353" hits="7" branch="false"/>
                <line number="355" hits="7" branch="false"/>
                <line number="357" hits="7" branch="false"/>
                <line number="358" hits="7" branch="false"/>
                <line number="359" hits="7" branch="false"/>
                <line number="360" hits="7" branch="false"/>
                <line number="361" hits="7" branch="false"/>
                <line number="362" hits="7" branch="false"/>
                <line number="363" hits="7" branch="false"/>
                <line number="364" hits="7" branch="false"/>
                <line number="365" hits="7" branch="false"/>
                <line number="366" hits="7" branch="false"/>
                <line number="367" hits="7" branch="false"/>
                <line number="368" hits="7" branch="false"/>
                <line number="369" hits="7" branch="false"/>
                <line number="370" hits="7" branch="false"/>
                <line number="371" hits="7" branch="false"/>
                <line number="372" hits="7" branch="false"/>
                <line number="373" hits="7" branch="false"/>
                <line number="374" hits="7" branch="false"/>
                <line number="375" hits="7" branch="false"/>
                <line number="376" hits="7" branch="false"/>
                <line number="377" hits="7" branch="false"/>
                <line number="378" hits="7" branch="false"/>
                <line number="379" hits="7" branch="false"/>
                <line number="380" hits="7" branch="false"/>
                <line number="381" hits="7" branch="false"/>
                <line number="382" hits="7" branch="false"/>
                <line number="383" hits="7" branch="false"/>
                <line number="384" hits="2" branch="false"/>
                <line number="385" hits="2" branch="false"/>
                <line number="387" hits="7" branch="false"/>
                <line number="388" hits="5" branch="false"/>
                <line number="389" hits="5" branch="false"/>
                <line number="390" hits="5" branch="false"/>
                <line number="391" hits="5" branch="false"/>
                <line number="392" hits="5" branch="false"/>
                <line number="393" hits="5" branch="false"/>
                <line number="394" hits="5" branch="false"/>
                <line number="395" hits="4" branch="false"/>
                <line number="396" hits="4" branch="false"/>
                <line number="397" hits="4" branch="false"/>
                <line number="398" hits="4" branch="false"/>
                <line number="399" hits="4" branch="false"/>
                <line number="400" hits="4" branch="false"/>
                <line number="401" hits="4" branch="false"/>
                <line number="402" hits="4" branch="false"/>
                <line number="403" hits="4" branch="false"/>
                <line number="404" hits="4" branch="false"/>
                <line number="405" hits="4" branch="false"/>
                <line number="406" hits="4" branch="false"/>
                <line number="407" hits="4" branch="false"/>
                <line number="408" hits="4" branch="false"/>
                <line number="409" hits="4" branch="false"/>
                <line number="410" hits="4" branch="false"/>
                <line number="411" hits="4" branch="false"/>
                <line number="412" hits="4" branch="false"/>
                <line number="413" hits="4" branch="false"/>
                <line number="414" hits="4" branch="false"/>
                <line number="415" hits="4" branch="false"/>
                <line number="416" hits="4" branch="false"/>
                <line number="417" hits="4" branch="false"/>
                <line number="418" hits="4" branch="false"/>
                <line number="419" hits="4" branch="false"/>
                <line number="422" hits="7" branch="false"/>
              </lines>
            </method>
          </methods>
          <lines>
            <line number="49" hits="0" branch="false"/>
            <line number="50" hits="0" branch="false"/>
            <line number="51" hits="0" branch="false"/>
            <line number="53" hits="0" branch="false"/>
            <line number="54" hits="0" branch="false"/>
            <line number="55" hits="0" branch="false"/>
            <line number="56" hits="0" branch="false"/>
            <line number="57" hits="0" branch="false"/>
            <line number="59" hits="0" branch="false"/>
            <line number="60" hits="0" branch="false"/>
            <line number="61" hits="0" branch="false"/>
            <line number="63" hits="0" branch="false"/>
            <line number="64" hits="0" branch="false"/>
            <line number="65" hits="0" branch="false"/>
            <line number="66" hits="0" branch="false"/>
            <line number="67" hits="0" branch="false"/>
            <line number="68" hits="0" branch="false"/>
            <line number="69" hits="0" branch="false"/>
            <line number="70" hits="0" branch="false"/>
            <line number="71" hits="0" branch="false"/>
            <line number="72" hits="0" branch="false"/>
            <line number="73" hits="0" branch="false"/>
            <line number="74" hits="0" branch="false"/>
            <line number="75" hits="0" branch="false"/>
            <line number="76" hits="0" branch="false"/>
            <line number="77" hits="0" branch="false"/>
            <line number="78" hits="0" branch="false"/>
            <line number="79" hits="0" branch="false"/>
            <line number="80" hits="0" branch="false"/>
            <line number="81" hits="0" branch="false"/>
            <line number="82" hits="0" branch="false"/>
            <line number="83" hits="0" branch="false"/>
            <line number="84" hits="0" branch="false"/>
            <line number="85" hits="0" branch="false"/>
            <line number="86" hits="0" branch="false"/>
            <line number="87" hits="0" branch="false"/>
            <line number="88" hits="0" branch="false"/>
            <line number="89" hits="0" branch="false"/>
            <line number="90" hits="0" branch="false"/>
            <line number="91" hits="0" branch="false"/>
            <line number="92" hits="0" branch="false"/>
            <line number="93" hits="0" branch="false"/>
            <line number="94" hits="0" branch="false"/>
            <line number="95" hits="0" branch="false"/>
            <line number="96" hits="0" branch="false"/>
            <line number="97" hits="0" branch="false"/>
            <line number="98" hits="0" branch="false"/>
            <line number="99" hits="0" branch="false"/>
            <line number="100" hits="0" branch="false"/>
            <line number="101" hits="0" branch="false"/>
            <line number="103" hits="0" branch="false"/>
            <line number="104" hits="0" branch="false"/>
            <line number="105" hits="0" branch="false"/>
            <line number="108" hits="0" branch="false"/>
            <line number="109" hits="0" branch="false"/>
            <line number="110" hits="0" branch="false"/>
            <line number="111" hits="0" branch="false"/>
            <line number="112" hits="0" branch="false"/>
            <line number="113" hits="0" branch="false"/>
            <line number="114" hits="0" branch="false"/>
            <line number="115" hits="0" branch="false"/>
            <line number="116" hits="0" branch="false"/>
            <line number="117" hits="0" branch="false"/>
            <line number="118" hits="0" branch="false"/>
            <line number="119" hits="0" branch="false"/>
            <line number="120" hits="0" branch="false"/>
            <line number="121" hits="0" branch="false"/>
            <line number="122" hits="0" branch="false"/>
            <line number="123" hits="0" branch="false"/>
            <line number="124" hits="0" branch="false"/>
            <line number="125" hits="0" branch="false"/>
            <line number="126" hits="0" branch="false"/>
            <line number="127" hits="0" branch="false"/>
            <line number="128" hits="0" branch="false"/>
            <line number="129" hits="0" branch="false"/>
            <line number="130" hits="0" branch="false"/>
            <line number="131" hits="0" branch="false"/>
            <line number="132" hits="0" branch="false"/>
            <line number="133" hits="0" branch="false"/>
            <line number="134" hits="0" branch="false"/>
            <line number="135" hits="0" branch="false"/>
            <line number="136" hits="0" branch="false"/>
            <line number="137" hits="0" branch="false"/>
            <line number="138" hits="0" branch="false"/>
            <line number="139" hits="0" branch="false"/>
            <line number="140" hits="0" branch="false"/>
            <line number="141" hits="0" branch="false"/>
            <line number="142" hits="0" branch="false"/>
            <line number="260" hits="7" branch="false"/>
            <line number="261" hits="7" branch="false"/>
            <line number="262" hits="7" branch="false"/>
            <line number="263" hits="1" branch="false"/>
            <line number="264" hits="1" branch="false"/>
            <line number="265" hits="1" branch="false"/>
            <line number="266" hits="0" branch="false"/>
            <line number="268" hits="1" branch="false"/>
            <line number="270" hits="6" branch="false"/>
            <line number="272" hits="7" branch="false"/>
            <line number="273" hits="7" branch="false"/>
            <line number="274" hits="7" branch="false"/>
            <line number="275" hits="7" branch="false"/>
            <line number="276" hits="7" branch="false"/>
            <line number="277" hits="7" branch="false"/>
            <line number="278" hits="7" branch="false"/>
            <line number="279" hits="1" branch="false"/>
            <line number="281" hits="7" branch="false"/>
            <line number="282" hits="7" branch="false"/>
            <line number="283" hits="7" branch="false"/>
            <line number="286" hits="7" branch="false"/>
            <line number="287" hits="7" branch="false"/>
            <line number="288" hits="6" branch="false"/>
            <line number="289" hits="6" branch="false"/>
            <line number="290" hits="6" branch="false"/>
            <line number="292" hits="1" branch="false"/>
            <line number="296" hits="7" branch="false"/>
            <line number="297" hits="3" branch="false"/>
            <line number="298" hits="3" branch="false"/>
            <line number="299" hits="3" branch="false"/>
            <line number="300" hits="3" branch="false"/>
            <line number="302" hits="3" branch="false"/>
            <line number="303" hits="3" branch="false"/>
            <line number="304" hits="3" branch="false"/>
            <line number="305" hits="3" branch="false"/>
            <line number="306" hits="3" branch="false"/>
            <line number="307" hits="3" branch="false"/>
            <line number="308" hits="3" branch="false"/>
            <line number="309" hits="3" branch="false"/>
            <line number="311" hits="3" branch="false"/>
            <line number="312" hits="2" branch="false"/>
            <line number="313" hits="2" branch="false"/>
            <line number="314" hits="2" branch="false"/>
            <line number="315" hits="2" branch="false"/>
            <line number="316" hits="2" branch="false"/>
            <line number="317" hits="2" branch="false"/>
            <line number="318" hits="2" branch="false"/>
            <line number="319" hits="2" branch="false"/>
            <line number="320" hits="2" branch="false"/>
            <line number="322" hits="2" branch="false"/>
            <line number="323" hits="2" branch="false"/>
            <line number="324" hits="2" branch="false"/>
            <line number="325" hits="2" branch="false"/>
            <line number="326" hits="2" branch="false"/>
            <line number="327" hits="2" branch="false"/>
            <line number="328" hits="2" branch="false"/>
            <line number="329" hits="2" branch="false"/>
            <line number="330" hits="2" branch="false"/>
            <line number="331" hits="2" branch="false"/>
            <line number="332" hits="2" branch="false"/>
            <line number="334" hits="2" branch="false"/>
            <line number="335" hits="2" branch="false"/>
            <line number="337" hits="1" branch="false"/>
            <line number="339" hits="3" branch="false"/>
            <line number="340" hits="3" branch="false"/>
            <line number="342" hits="7" branch="false"/>
            <line number="344" hits="7" branch="false"/>
            <line number="345" hits="2" branch="false"/>
            <line number="346" hits="7" branch="false"/>
            <line number="347" hits="1" branch="false"/>
            <line number="348" hits="7" branch="false"/>
            <line number="349" hits="4" branch="false"/>
            <line number="350" hits="4" branch="false"/>
            <line number="351" hits="4" branch="false"/>
            <line number="352" hits="4" branch="false"/>
            <line number="353" hits="7" branch="false"/>
            <line number="355" hits="7" branch="false"/>
            <line number="357" hits="7" branch="false"/>
            <line number="358" hits="7" branch="false"/>
            <line number="359" hits="7" branch="false"/>
            <line number="360" hits="7" branch="false"/>
            <line number="361" hits="7" branch="false"/>
            <line number="362" hits="7" branch="false"/>
            <line number="363" hits="7" branch="false"/>
            <line number="364" hits="7" branch="false"/>
            <line number="365" hits="7" branch="false"/>
            <line number="366" hits="7" branch="false"/>
            <line number="367" hits="7" branch="false"/>
            <line number="368" hits="7" branch="false"/>
            <line number="369" hits="7" branch="false"/>
            <line number="370" hits="7" branch="false"/>
            <line number="371" hits="7" branch="false"/>
            <line number="372" hits="7" branch="false"/>
            <line number="373" hits="7" branch="false"/>
            <line number="374" hits="7" branch="false"/>
            <line number="375" hits="7" branch="false"/>
            <line number="376" hits="7" branch="false"/>
            <line number="377" hits="7" branch="false"/>
            <line number="378" hits="7" branch="false"/>
            <line number="379" hits="7" branch="false"/>
            <line number="380" hits="7" branch="false"/>
            <line number="381" hits="7" branch="false"/>
            <line number="382" hits="7" branch="false"/>
            <line number="383" hits="7" branch="false"/>
            <line number="384" hits="2" branch="false"/>
            <line number="385" hits="2" branch="false"/>
            <line number="387" hits="7" branch="false"/>
            <line number="388" hits="5" branch="false"/>
            <line number="389" hits="5" branch="false"/>
            <line number="390" hits="5" branch="false"/>
            <line number="391" hits="5" branch="false"/>
            <line number="392" hits="5" branch="false"/>
            <line number="393" hits="5" branch="false"/>
            <line number="394" hits="5" branch="false"/>
            <line number="395" hits="4" branch="false"/>
            <line number="396" hits="4" branch="false"/>
            <line number="397" hits="4" branch="false"/>
            <line number="398" hits="4" branch="false"/>
            <line number="399" hits="4" branch="false"/>
            <line number="400" hits="4" branch="false"/>
            <line number="401" hits="4" branch="false"/>
            <line number="402" hits="4" branch="false"/>
            <line number="403" hits="4" branch="false"/>
            <line number="404" hits="4" branch="false"/>
            <line number="405" hits="4" branch="false"/>
            <line number="406" hits="4" branch="false"/>
            <line number="407" hits="4" branch="false"/>
            <line number="408" hits="4" branch="false"/>
            <line number="409" hits="4" branch="false"/>
            <line number="410" hits="4" branch="false"/>
            <line number="411" hits="4" branch="false"/>
            <line number="412" hits="4" branch="false"/>
            <line number="413" hits="4" branch="false"/>
            <line number="414" hits="4" branch="false"/>
            <line number="415" hits="4" branch="false"/>
            <line number="416" hits="4" branch="false"/>
            <line number="417" hits="4" branch="false"/>
            <line number="418" hits="4" branch="false"/>
            <line number="419" hits="4" branch="false"/>
            <line number="422" hits="7" branch="false"/>
          </lines>
        </class>
        <class name="labels.R" filename="R/labels.R" line-rate="1" branch-rate="0" complexity="0">
          <methods>
            <method name="h_is_specified" signature="" line-rate="1" branch-rate="0">
              <lines>
                <line number="13" hits="202" branch="false"/>
              </lines>
            </method>
            <method name="h_is_specified_and_in_data" signature="" line-rate="1" branch-rate="0">
              <lines>
                <line number="18" hits="143" branch="false"/>
              </lines>
            </method>
            <method name="h_check_and_get_label" signature="" line-rate="1" branch-rate="0">
              <lines>
                <line number="23" hits="142" branch="false"/>
                <line number="24" hits="142" branch="false"/>
                <line number="25" hits="142" branch="false"/>
                <line number="26" hits="160" branch="false"/>
                <line number="27" hits="160" branch="false"/>
                <line number="28" hits="160" branch="false"/>
                <line number="30" hits="142" branch="false"/>
              </lines>
            </method>
            <method name="h_labels" signature="" line-rate="1" branch-rate="0">
              <lines>
                <line number="36" hits="29" branch="false"/>
                <line number="37" hits="29" branch="false"/>
                <line number="38" hits="29" branch="false"/>
                <line number="39" hits="29" branch="false"/>
                <line number="40" hits="29" branch="false"/>
                <line number="41" hits="29" branch="false"/>
                <line number="42" hits="29" branch="false"/>
                <line number="43" hits="25" branch="false"/>
                <line number="45" hits="29" branch="false"/>
                <line number="46" hits="29" branch="false"/>
                <line number="47" hits="29" branch="false"/>
                <line number="49" hits="29" branch="false"/>
              </lines>
            </method>
          </methods>
          <lines>
            <line number="13" hits="202" branch="false"/>
            <line number="18" hits="143" branch="false"/>
            <line number="23" hits="142" branch="false"/>
            <line number="24" hits="142" branch="false"/>
            <line number="25" hits="142" branch="false"/>
            <line number="26" hits="160" branch="false"/>
            <line number="27" hits="160" branch="false"/>
            <line number="28" hits="160" branch="false"/>
            <line number="30" hits="142" branch="false"/>
            <line number="36" hits="29" branch="false"/>
            <line number="37" hits="29" branch="false"/>
            <line number="38" hits="29" branch="false"/>
            <line number="39" hits="29" branch="false"/>
            <line number="40" hits="29" branch="false"/>
            <line number="41" hits="29" branch="false"/>
            <line number="42" hits="29" branch="false"/>
            <line number="43" hits="25" branch="false"/>
            <line number="45" hits="29" branch="false"/>
            <line number="46" hits="29" branch="false"/>
            <line number="47" hits="29" branch="false"/>
            <line number="49" hits="29" branch="false"/>
          </lines>
        </class>
        <class name="lsmeans.R" filename="R/lsmeans.R" line-rate="1" branch-rate="0" complexity="0">
          <methods>
            <method name="h_get_emmeans_res" signature="" line-rate="1" branch-rate="0">
              <lines>
                <line number="24" hits="44" branch="false"/>
                <line number="25" hits="44" branch="false"/>
                <line number="26" hits="44" branch="false"/>
                <line number="27" hits="44" branch="false"/>
                <line number="29" hits="44" branch="false"/>
                <line number="30" hits="44" branch="false"/>
                <line number="31" hits="44" branch="false"/>
                <line number="32" hits="44" branch="false"/>
                <line number="33" hits="44" branch="false"/>
                <line number="34" hits="44" branch="false"/>
                <line number="37" hits="44" branch="false"/>
                <line number="38" hits="44" branch="false"/>
                <line number="39" hits="44" branch="false"/>
                <line number="40" hits="44" branch="false"/>
                <line number="42" hits="44" branch="false"/>
                <line number="43" hits="44" branch="false"/>
                <line number="44" hits="44" branch="false"/>
                <line number="45" hits="44" branch="false"/>
              </lines>
            </method>
            <method name="h_get_average_visit_specs" signature="" line-rate="1" branch-rate="0">
              <lines>
                <line number="53" hits="6" branch="false"/>
                <line number="54" hits="6" branch="false"/>
                <line number="55" hits="6" branch="false"/>
                <line number="56" hits="6" branch="false"/>
                <line number="57" hits="6" branch="false"/>
                <line number="58" hits="3" branch="false"/>
                <line number="59" hits="3" branch="false"/>
                <line number="61" hits="6" branch="false"/>
                <line number="62" hits="12" branch="false"/>
                <line number="63" hits="12" branch="false"/>
                <line number="64" hits="12" branch="false"/>
                <line number="65" hits="12" branch="false"/>
                <line number="66" hits="12" branch="false"/>
                <line number="68" hits="12" branch="false"/>
                <line number="69" hits="6" branch="false"/>
                <line number="70" hits="6" branch="false"/>
                <line number="71" hits="6" branch="false"/>
                <line number="72" hits="6" branch="false"/>
                <line number="73" hits="6" branch="false"/>
                <line number="75" hits="6" branch="false"/>
                <line number="76" hits="14" branch="false"/>
                <line number="77" hits="14" branch="false"/>
                <line number="78" hits="14" branch="false"/>
                <line number="79" hits="14" branch="false"/>
                <line number="80" hits="14" branch="false"/>
                <line number="81" hits="14" branch="false"/>
                <line number="82" hits="14" branch="false"/>
                <line number="83" hits="14" branch="false"/>
                <line number="84" hits="14" branch="false"/>
                <line number="85" hits="14" branch="false"/>
                <line number="86" hits="14" branch="false"/>
                <line number="90" hits="6" branch="false"/>
                <line number="91" hits="3" branch="false"/>
                <line number="92" hits="3" branch="false"/>
                <line number="94" hits="3" branch="false"/>
                <line number="95" hits="3" branch="false"/>
                <line number="97" hits="6" branch="false"/>
                <line number="98" hits="6" branch="false"/>
                <line number="99" hits="6" branch="false"/>
                <line number="100" hits="6" branch="false"/>
              </lines>
            </method>
            <method name="h_get_spec_visit_estimates" signature="" line-rate="1" branch-rate="0">
              <lines>
                <line number="110" hits="34" branch="false"/>
                <line number="111" hits="34" branch="false"/>
                <line number="112" hits="34" branch="false"/>
                <line number="113" hits="34" branch="false"/>
                <line number="115" hits="34" branch="false"/>
                <line number="116" hits="34" branch="false"/>
                <line number="117" hits="34" branch="false"/>
                <line number="118" hits="34" branch="false"/>
                <line number="119" hits="34" branch="false"/>
                <line number="120" hits="34" branch="false"/>
                <line number="121" hits="34" branch="false"/>
                <line number="122" hits="34" branch="false"/>
                <line number="123" hits="34" branch="false"/>
                <line number="124" hits="34" branch="false"/>
                <line number="125" hits="34" branch="false"/>
                <line number="126" hits="34" branch="false"/>
                <line number="127" hits="34" branch="false"/>
                <line number="128" hits="34" branch="false"/>
                <line number="129" hits="34" branch="false"/>
                <line number="130" hits="34" branch="false"/>
                <line number="131" hits="29" branch="false"/>
                <line number="132" hits="29" branch="false"/>
                <line number="133" hits="29" branch="false"/>
                <line number="135" hits="34" branch="false"/>
              </lines>
            </method>
            <method name="h_get_single_visit_estimates" signature="" line-rate="1" branch-rate="0">
              <lines>
                <line number="141" hits="34" branch="false"/>
                <line number="142" hits="34" branch="false"/>
                <line number="144" hits="34" branch="false"/>
                <line number="145" hits="34" branch="false"/>
                <line number="146" hits="34" branch="false"/>
                <line number="147" hits="34" branch="false"/>
                <line number="148" hits="34" branch="false"/>
                <line number="149" hits="34" branch="false"/>
                <line number="150" hits="34" branch="false"/>
                <line number="151" hits="34" branch="false"/>
                <line number="152" hits="34" branch="false"/>
                <line number="153" hits="34" branch="false"/>
                <line number="154" hits="34" branch="false"/>
                <line number="155" hits="34" branch="false"/>
              </lines>
            </method>
            <method name="h_get_relative_reduc_df" signature="" line-rate="1" branch-rate="0">
              <lines>
                <line number="165" hits="27" branch="false"/>
                <line number="166" hits="27" branch="false"/>
                <line number="168" hits="27" branch="false"/>
                <line number="169" hits="27" branch="false"/>
                <line number="170" hits="27" branch="false"/>
                <line number="171" hits="27" branch="false"/>
                <line number="172" hits="27" branch="false"/>
                <line number="173" hits="27" branch="false"/>
                <line number="174" hits="27" branch="false"/>
                <line number="175" hits="27" branch="false"/>
                <line number="176" hits="27" branch="false"/>
                <line number="177" hits="27" branch="false"/>
                <line number="178" hits="27" branch="false"/>
                <line number="179" hits="27" branch="false"/>
                <line number="180" hits="27" branch="false"/>
                <line number="181" hits="27" branch="false"/>
              </lines>
            </method>
            <method name="h_single_visit_contrast_specs" signature="" line-rate="1" branch-rate="0">
              <lines>
                <line number="187" hits="28" branch="false"/>
                <line number="188" hits="28" branch="false"/>
                <line number="190" hits="28" branch="false"/>
                <line number="192" hits="28" branch="false"/>
                <line number="194" hits="28" branch="false"/>
                <line number="195" hits="28" branch="false"/>
                <line number="196" hits="28" branch="false"/>
                <line number="197" hits="28" branch="false"/>
                <line number="198" hits="28" branch="false"/>
                <line number="199" hits="28" branch="false"/>
                <line number="200" hits="120" branch="false"/>
                <line number="201" hits="120" branch="false"/>
                <line number="202" hits="120" branch="false"/>
                <line number="203" hits="120" branch="false"/>
                <line number="204" hits="120" branch="false"/>
                <line number="205" hits="120" branch="false"/>
                <line number="206" hits="120" branch="false"/>
                <line number="207" hits="160" branch="false"/>
                <line number="208" hits="160" branch="false"/>
                <line number="209" hits="160" branch="false"/>
                <line number="210" hits="160" branch="false"/>
                <line number="211" hits="160" branch="false"/>
                <line number="212" hits="160" branch="false"/>
                <line number="213" hits="160" branch="false"/>
                <line number="215" hits="120" branch="false"/>
                <line number="218" hits="28" branch="false"/>
                <line number="219" hits="28" branch="false"/>
                <line number="220" hits="28" branch="false"/>
                <line number="221" hits="28" branch="false"/>
                <line number="222" hits="28" branch="false"/>
                <line number="223" hits="28" branch="false"/>
              </lines>
            </method>
            <method name="h_average_visit_contrast_specs" signature="" line-rate="1" branch-rate="0">
              <lines>
                <line number="230" hits="4" branch="false"/>
                <line number="231" hits="4" branch="false"/>
                <line number="232" hits="4" branch="false"/>
                <line number="233" hits="4" branch="false"/>
                <line number="234" hits="4" branch="false"/>
                <line number="235" hits="4" branch="false"/>
                <line number="236" hits="4" branch="false"/>
                <line number="237" hits="4" branch="false"/>
                <line number="238" hits="4" branch="false"/>
                <line number="239" hits="6" branch="false"/>
                <line number="240" hits="6" branch="false"/>
                <line number="241" hits="6" branch="false"/>
                <line number="242" hits="10" branch="false"/>
                <line number="243" hits="10" branch="false"/>
                <line number="244" hits="10" branch="false"/>
                <line number="245" hits="10" branch="false"/>
                <line number="246" hits="10" branch="false"/>
                <line number="247" hits="10" branch="false"/>
                <line number="248" hits="10" branch="false"/>
                <line number="249" hits="10" branch="false"/>
                <line number="250" hits="10" branch="false"/>
                <line number="254" hits="4" branch="false"/>
                <line number="255" hits="4" branch="false"/>
                <line number="257" hits="4" branch="false"/>
                <line number="258" hits="4" branch="false"/>
                <line number="259" hits="4" branch="false"/>
                <line number="260" hits="4" branch="false"/>
              </lines>
            </method>
            <method name="get_mmrm_lsmeans" signature="" line-rate="1" branch-rate="0">
              <lines>
                <line number="284" hits="31" branch="false"/>
                <line number="285" hits="31" branch="false"/>
                <line number="286" hits="31" branch="false"/>
                <line number="289" hits="31" branch="false"/>
                <line number="290" hits="31" branch="false"/>
                <line number="291" hits="3" branch="false"/>
                <line number="292" hits="3" branch="false"/>
                <line number="293" hits="3" branch="false"/>
                <line number="295" hits="31" branch="false"/>
                <line number="296" hits="31" branch="false"/>
                <line number="297" hits="5" branch="false"/>
                <line number="300" hits="26" branch="false"/>
                <line number="301" hits="26" branch="false"/>
                <line number="302" hits="26" branch="false"/>
                <line number="303" hits="2" branch="false"/>
                <line number="304" hits="2" branch="false"/>
                <line number="305" hits="2" branch="false"/>
                <line number="308" hits="26" branch="false"/>
                <line number="309" hits="26" branch="false"/>
                <line number="310" hits="26" branch="false"/>
                <line number="311" hits="26" branch="false"/>
                <line number="312" hits="26" branch="false"/>
                <line number="313" hits="26" branch="false"/>
                <line number="314" hits="26" branch="false"/>
                <line number="315" hits="26" branch="false"/>
                <line number="316" hits="26" branch="false"/>
                <line number="317" hits="26" branch="false"/>
                <line number="318" hits="26" branch="false"/>
                <line number="319" hits="26" branch="false"/>
                <line number="320" hits="26" branch="false"/>
              </lines>
            </method>
          </methods>
          <lines>
            <line number="24" hits="44" branch="false"/>
            <line number="25" hits="44" branch="false"/>
            <line number="26" hits="44" branch="false"/>
            <line number="27" hits="44" branch="false"/>
            <line number="29" hits="44" branch="false"/>
            <line number="30" hits="44" branch="false"/>
            <line number="31" hits="44" branch="false"/>
            <line number="32" hits="44" branch="false"/>
            <line number="33" hits="44" branch="false"/>
            <line number="34" hits="44" branch="false"/>
            <line number="37" hits="44" branch="false"/>
            <line number="38" hits="44" branch="false"/>
            <line number="39" hits="44" branch="false"/>
            <line number="40" hits="44" branch="false"/>
            <line number="42" hits="44" branch="false"/>
            <line number="43" hits="44" branch="false"/>
            <line number="44" hits="44" branch="false"/>
            <line number="45" hits="44" branch="false"/>
            <line number="53" hits="6" branch="false"/>
            <line number="54" hits="6" branch="false"/>
            <line number="55" hits="6" branch="false"/>
            <line number="56" hits="6" branch="false"/>
            <line number="57" hits="6" branch="false"/>
            <line number="58" hits="3" branch="false"/>
            <line number="59" hits="3" branch="false"/>
            <line number="61" hits="6" branch="false"/>
            <line number="62" hits="12" branch="false"/>
            <line number="63" hits="12" branch="false"/>
            <line number="64" hits="12" branch="false"/>
            <line number="65" hits="12" branch="false"/>
            <line number="66" hits="12" branch="false"/>
            <line number="68" hits="12" branch="false"/>
            <line number="69" hits="6" branch="false"/>
            <line number="70" hits="6" branch="false"/>
            <line number="71" hits="6" branch="false"/>
            <line number="72" hits="6" branch="false"/>
            <line number="73" hits="6" branch="false"/>
            <line number="75" hits="6" branch="false"/>
            <line number="76" hits="14" branch="false"/>
            <line number="77" hits="14" branch="false"/>
            <line number="78" hits="14" branch="false"/>
            <line number="79" hits="14" branch="false"/>
            <line number="80" hits="14" branch="false"/>
            <line number="81" hits="14" branch="false"/>
            <line number="82" hits="14" branch="false"/>
            <line number="83" hits="14" branch="false"/>
            <line number="84" hits="14" branch="false"/>
            <line number="85" hits="14" branch="false"/>
            <line number="86" hits="14" branch="false"/>
            <line number="90" hits="6" branch="false"/>
            <line number="91" hits="3" branch="false"/>
            <line number="92" hits="3" branch="false"/>
            <line number="94" hits="3" branch="false"/>
            <line number="95" hits="3" branch="false"/>
            <line number="97" hits="6" branch="false"/>
            <line number="98" hits="6" branch="false"/>
            <line number="99" hits="6" branch="false"/>
            <line number="100" hits="6" branch="false"/>
            <line number="110" hits="34" branch="false"/>
            <line number="111" hits="34" branch="false"/>
            <line number="112" hits="34" branch="false"/>
            <line number="113" hits="34" branch="false"/>
            <line number="115" hits="34" branch="false"/>
            <line number="116" hits="34" branch="false"/>
            <line number="117" hits="34" branch="false"/>
            <line number="118" hits="34" branch="false"/>
            <line number="119" hits="34" branch="false"/>
            <line number="120" hits="34" branch="false"/>
            <line number="121" hits="34" branch="false"/>
            <line number="122" hits="34" branch="false"/>
            <line number="123" hits="34" branch="false"/>
            <line number="124" hits="34" branch="false"/>
            <line number="125" hits="34" branch="false"/>
            <line number="126" hits="34" branch="false"/>
            <line number="127" hits="34" branch="false"/>
            <line number="128" hits="34" branch="false"/>
            <line number="129" hits="34" branch="false"/>
            <line number="130" hits="34" branch="false"/>
            <line number="131" hits="29" branch="false"/>
            <line number="132" hits="29" branch="false"/>
            <line number="133" hits="29" branch="false"/>
            <line number="135" hits="34" branch="false"/>
            <line number="141" hits="34" branch="false"/>
            <line number="142" hits="34" branch="false"/>
            <line number="144" hits="34" branch="false"/>
            <line number="145" hits="34" branch="false"/>
            <line number="146" hits="34" branch="false"/>
            <line number="147" hits="34" branch="false"/>
            <line number="148" hits="34" branch="false"/>
            <line number="149" hits="34" branch="false"/>
            <line number="150" hits="34" branch="false"/>
            <line number="151" hits="34" branch="false"/>
            <line number="152" hits="34" branch="false"/>
            <line number="153" hits="34" branch="false"/>
            <line number="154" hits="34" branch="false"/>
            <line number="155" hits="34" branch="false"/>
            <line number="165" hits="27" branch="false"/>
            <line number="166" hits="27" branch="false"/>
            <line number="168" hits="27" branch="false"/>
            <line number="169" hits="27" branch="false"/>
            <line number="170" hits="27" branch="false"/>
            <line number="171" hits="27" branch="false"/>
            <line number="172" hits="27" branch="false"/>
            <line number="173" hits="27" branch="false"/>
            <line number="174" hits="27" branch="false"/>
            <line number="175" hits="27" branch="false"/>
            <line number="176" hits="27" branch="false"/>
            <line number="177" hits="27" branch="false"/>
            <line number="178" hits="27" branch="false"/>
            <line number="179" hits="27" branch="false"/>
            <line number="180" hits="27" branch="false"/>
            <line number="181" hits="27" branch="false"/>
            <line number="187" hits="28" branch="false"/>
            <line number="188" hits="28" branch="false"/>
            <line number="190" hits="28" branch="false"/>
            <line number="192" hits="28" branch="false"/>
            <line number="194" hits="28" branch="false"/>
            <line number="195" hits="28" branch="false"/>
            <line number="196" hits="28" branch="false"/>
            <line number="197" hits="28" branch="false"/>
            <line number="198" hits="28" branch="false"/>
            <line number="199" hits="28" branch="false"/>
            <line number="200" hits="120" branch="false"/>
            <line number="201" hits="120" branch="false"/>
            <line number="202" hits="120" branch="false"/>
            <line number="203" hits="120" branch="false"/>
            <line number="204" hits="120" branch="false"/>
            <line number="205" hits="120" branch="false"/>
            <line number="206" hits="120" branch="false"/>
            <line number="207" hits="160" branch="false"/>
            <line number="208" hits="160" branch="false"/>
            <line number="209" hits="160" branch="false"/>
            <line number="210" hits="160" branch="false"/>
            <line number="211" hits="160" branch="false"/>
            <line number="212" hits="160" branch="false"/>
            <line number="213" hits="160" branch="false"/>
            <line number="215" hits="120" branch="false"/>
            <line number="218" hits="28" branch="false"/>
            <line number="219" hits="28" branch="false"/>
            <line number="220" hits="28" branch="false"/>
            <line number="221" hits="28" branch="false"/>
            <line number="222" hits="28" branch="false"/>
            <line number="223" hits="28" branch="false"/>
            <line number="230" hits="4" branch="false"/>
            <line number="231" hits="4" branch="false"/>
            <line number="232" hits="4" branch="false"/>
            <line number="233" hits="4" branch="false"/>
            <line number="234" hits="4" branch="false"/>
            <line number="235" hits="4" branch="false"/>
            <line number="236" hits="4" branch="false"/>
            <line number="237" hits="4" branch="false"/>
            <line number="238" hits="4" branch="false"/>
            <line number="239" hits="6" branch="false"/>
            <line number="240" hits="6" branch="false"/>
            <line number="241" hits="6" branch="false"/>
            <line number="242" hits="10" branch="false"/>
            <line number="243" hits="10" branch="false"/>
            <line number="244" hits="10" branch="false"/>
            <line number="245" hits="10" branch="false"/>
            <line number="246" hits="10" branch="false"/>
            <line number="247" hits="10" branch="false"/>
            <line number="248" hits="10" branch="false"/>
            <line number="249" hits="10" branch="false"/>
            <line number="250" hits="10" branch="false"/>
            <line number="254" hits="4" branch="false"/>
            <line number="255" hits="4" branch="false"/>
            <line number="257" hits="4" branch="false"/>
            <line number="258" hits="4" branch="false"/>
            <line number="259" hits="4" branch="false"/>
            <line number="260" hits="4" branch="false"/>
            <line number="284" hits="31" branch="false"/>
            <line number="285" hits="31" branch="false"/>
            <line number="286" hits="31" branch="false"/>
            <line number="289" hits="31" branch="false"/>
            <line number="290" hits="31" branch="false"/>
            <line number="291" hits="3" branch="false"/>
            <line number="292" hits="3" branch="false"/>
            <line number="293" hits="3" branch="false"/>
            <line number="295" hits="31" branch="false"/>
            <line number="296" hits="31" branch="false"/>
            <line number="297" hits="5" branch="false"/>
            <line number="300" hits="26" branch="false"/>
            <line number="301" hits="26" branch="false"/>
            <line number="302" hits="26" branch="false"/>
            <line number="303" hits="2" branch="false"/>
            <line number="304" hits="2" branch="false"/>
            <line number="305" hits="2" branch="false"/>
            <line number="308" hits="26" branch="false"/>
            <line number="309" hits="26" branch="false"/>
            <line number="310" hits="26" branch="false"/>
            <line number="311" hits="26" branch="false"/>
            <line number="312" hits="26" branch="false"/>
            <line number="313" hits="26" branch="false"/>
            <line number="314" hits="26" branch="false"/>
            <line number="315" hits="26" branch="false"/>
            <line number="316" hits="26" branch="false"/>
            <line number="317" hits="26" branch="false"/>
            <line number="318" hits="26" branch="false"/>
            <line number="319" hits="26" branch="false"/>
            <line number="320" hits="26" branch="false"/>
          </lines>
        </class>
        <class name="tabulate_mmrm.R" filename="R/tabulate_mmrm.R" line-rate="1" branch-rate="0" complexity="0">
          <methods>
            <method name="as.rtable.tern_mmrm" signature="" line-rate="1" branch-rate="0">
              <lines>
                <line number="57" hits="6" branch="false"/>
                <line number="58" hits="6" branch="false"/>
                <line number="59" hits="2" branch="false"/>
                <line number="60" hits="2" branch="false"/>
                <line number="61" hits="2" branch="false"/>
              </lines>
            </method>
            <method name="h_mmrm_fixed" signature="" line-rate="1" branch-rate="0">
              <lines>
                <line number="69" hits="3" branch="false"/>
                <line number="70" hits="3" branch="false"/>
                <line number="71" hits="3" branch="false"/>
                <line number="72" hits="3" branch="false"/>
                <line number="73" hits="3" branch="false"/>
                <line number="74" hits="3" branch="false"/>
                <line number="75" hits="3" branch="false"/>
              </lines>
            </method>
            <method name="h_mmrm_cov" signature="" line-rate="1" branch-rate="0">
              <lines>
                <line number="81" hits="3" branch="false"/>
                <line number="82" hits="3" branch="false"/>
              </lines>
            </method>
            <method name="h_mmrm_diagnostic" signature="" line-rate="1" branch-rate="0">
              <lines>
                <line number="88" hits="3" branch="false"/>
                <line number="89" hits="3" branch="false"/>
                <line number="90" hits="3" branch="false"/>
                <line number="91" hits="3" branch="false"/>
                <line number="92" hits="3" branch="false"/>
                <line number="93" hits="3" branch="false"/>
                <line number="94" hits="3" branch="false"/>
                <line number="95" hits="3" branch="false"/>
                <line number="96" hits="3" branch="false"/>
                <line number="97" hits="3" branch="false"/>
                <line number="98" hits="3" branch="false"/>
                <line number="99" hits="3" branch="false"/>
                <line number="100" hits="3" branch="false"/>
              </lines>
            </method>
            <method name="tidy.tern_mmrm" signature="" line-rate="1" branch-rate="0">
              <lines>
                <line number="116" hits="9" branch="false"/>
                <line number="117" hits="9" branch="false"/>
                <line number="118" hits="9" branch="false"/>
                <line number="119" hits="3" branch="false"/>
                <line number="120" hits="3" branch="false"/>
                <line number="121" hits="3" branch="false"/>
                <line number="122" hits="3" branch="false"/>
                <line number="123" hits="9" branch="false"/>
                <line number="124" hits="6" branch="false"/>
                <line number="125" hits="6" branch="false"/>
                <line number="126" hits="6" branch="false"/>
                <line number="127" hits="6" branch="false"/>
                <line number="128" hits="6" branch="false"/>
                <line number="129" hits="6" branch="false"/>
                <line number="130" hits="6" branch="false"/>
                <line number="131" hits="6" branch="false"/>
                <line number="132" hits="6" branch="false"/>
                <line number="133" hits="9" branch="false"/>
                <line number="134" hits="9" branch="false"/>
                <line number="135" hits="9" branch="false"/>
              </lines>
            </method>
            <method name="s_mmrm_lsmeans" signature="" line-rate="1" branch-rate="0">
              <lines>
                <line number="148" hits="2" branch="false"/>
                <line number="149" hits="2" branch="false"/>
                <line number="150" hits="2" branch="false"/>
                <line number="151" hits="2" branch="false"/>
                <line number="152" hits="2" branch="false"/>
                <line number="153" hits="2" branch="false"/>
                <line number="154" hits="2" branch="false"/>
                <line number="155" hits="2" branch="false"/>
                <line number="156" hits="2" branch="false"/>
                <line number="157" hits="2" branch="false"/>
                <line number="158" hits="2" branch="false"/>
                <line number="159" hits="2" branch="false"/>
                <line number="160" hits="2" branch="false"/>
                <line number="161" hits="2" branch="false"/>
                <line number="162" hits="2" branch="false"/>
                <line number="163" hits="2" branch="false"/>
                <line number="164" hits="2" branch="false"/>
              </lines>
            </method>
            <method name="s_mmrm_lsmeans_single" signature="" line-rate="1" branch-rate="0">
              <lines>
                <line number="202" hits="1" branch="false"/>
                <line number="203" hits="1" branch="false"/>
                <line number="204" hits="1" branch="false"/>
                <line number="205" hits="1" branch="false"/>
                <line number="206" hits="1" branch="false"/>
              </lines>
            </method>
            <method name="summarize_lsmeans" signature="" line-rate="1" branch-rate="0">
              <lines>
                <line number="273" hits="4" branch="false"/>
                <line number="274" hits="4" branch="false"/>
                <line number="275" hits="4" branch="false"/>
                <line number="276" hits="4" branch="false"/>
                <line number="277" hits="4" branch="false"/>
                <line number="278" hits="4" branch="false"/>
                <line number="279" hits="4" branch="false"/>
                <line number="280" hits="4" branch="false"/>
                <line number="281" hits="4" branch="false"/>
                <line number="282" hits="4" branch="false"/>
                <line number="283" hits="4" branch="false"/>
                <line number="284" hits="4" branch="false"/>
                <line number="285" hits="4" branch="false"/>
                <line number="286" hits="4" branch="false"/>
              </lines>
            </method>
          </methods>
          <lines>
            <line number="57" hits="6" branch="false"/>
            <line number="58" hits="6" branch="false"/>
            <line number="59" hits="2" branch="false"/>
            <line number="60" hits="2" branch="false"/>
            <line number="61" hits="2" branch="false"/>
            <line number="69" hits="3" branch="false"/>
            <line number="70" hits="3" branch="false"/>
            <line number="71" hits="3" branch="false"/>
            <line number="72" hits="3" branch="false"/>
            <line number="73" hits="3" branch="false"/>
            <line number="74" hits="3" branch="false"/>
            <line number="75" hits="3" branch="false"/>
            <line number="81" hits="3" branch="false"/>
            <line number="82" hits="3" branch="false"/>
            <line number="88" hits="3" branch="false"/>
            <line number="89" hits="3" branch="false"/>
            <line number="90" hits="3" branch="false"/>
            <line number="91" hits="3" branch="false"/>
            <line number="92" hits="3" branch="false"/>
            <line number="93" hits="3" branch="false"/>
            <line number="94" hits="3" branch="false"/>
            <line number="95" hits="3" branch="false"/>
            <line number="96" hits="3" branch="false"/>
            <line number="97" hits="3" branch="false"/>
            <line number="98" hits="3" branch="false"/>
            <line number="99" hits="3" branch="false"/>
            <line number="100" hits="3" branch="false"/>
            <line number="116" hits="9" branch="false"/>
            <line number="117" hits="9" branch="false"/>
            <line number="118" hits="9" branch="false"/>
            <line number="119" hits="3" branch="false"/>
            <line number="120" hits="3" branch="false"/>
            <line number="121" hits="3" branch="false"/>
            <line number="122" hits="3" branch="false"/>
            <line number="123" hits="9" branch="false"/>
            <line number="124" hits="6" branch="false"/>
            <line number="125" hits="6" branch="false"/>
            <line number="126" hits="6" branch="false"/>
            <line number="127" hits="6" branch="false"/>
            <line number="128" hits="6" branch="false"/>
            <line number="129" hits="6" branch="false"/>
            <line number="130" hits="6" branch="false"/>
            <line number="131" hits="6" branch="false"/>
            <line number="132" hits="6" branch="false"/>
            <line number="133" hits="9" branch="false"/>
            <line number="134" hits="9" branch="false"/>
            <line number="135" hits="9" branch="false"/>
            <line number="148" hits="2" branch="false"/>
            <line number="149" hits="2" branch="false"/>
            <line number="150" hits="2" branch="false"/>
            <line number="151" hits="2" branch="false"/>
            <line number="152" hits="2" branch="false"/>
            <line number="153" hits="2" branch="false"/>
            <line number="154" hits="2" branch="false"/>
            <line number="155" hits="2" branch="false"/>
            <line number="156" hits="2" branch="false"/>
            <line number="157" hits="2" branch="false"/>
            <line number="158" hits="2" branch="false"/>
            <line number="159" hits="2" branch="false"/>
            <line number="160" hits="2" branch="false"/>
            <line number="161" hits="2" branch="false"/>
            <line number="162" hits="2" branch="false"/>
            <line number="163" hits="2" branch="false"/>
            <line number="164" hits="2" branch="false"/>
            <line number="202" hits="1" branch="false"/>
            <line number="203" hits="1" branch="false"/>
            <line number="204" hits="1" branch="false"/>
            <line number="205" hits="1" branch="false"/>
            <line number="206" hits="1" branch="false"/>
            <line number="273" hits="4" branch="false"/>
            <line number="274" hits="4" branch="false"/>
            <line number="275" hits="4" branch="false"/>
            <line number="276" hits="4" branch="false"/>
            <line number="277" hits="4" branch="false"/>
            <line number="278" hits="4" branch="false"/>
            <line number="279" hits="4" branch="false"/>
            <line number="280" hits="4" branch="false"/>
            <line number="281" hits="4" branch="false"/>
            <line number="282" hits="4" branch="false"/>
            <line number="283" hits="4" branch="false"/>
            <line number="284" hits="4" branch="false"/>
            <line number="285" hits="4" branch="false"/>
            <line number="286" hits="4" branch="false"/>
          </lines>
        </class>
        <class name="utils.R" filename="R/utils.R" line-rate="1" branch-rate="0" complexity="0">
          <methods>
            <method name="h_get_covariate_parts" signature="" line-rate="1" branch-rate="0">
              <lines>
                <line number="8" hits="73" branch="false"/>
                <line number="9" hits="73" branch="false"/>
                <line number="10" hits="8" branch="false"/>
                <line number="12" hits="65" branch="false"/>
              </lines>
            </method>
          </methods>
          <lines>
            <line number="8" hits="73" branch="false"/>
            <line number="9" hits="73" branch="false"/>
            <line number="10" hits="8" branch="false"/>
            <line number="12" hits="65" branch="false"/>
          </lines>
        </class>
      </classes>
    </package>
  </packages>
</coverage>
