<?xml version="1.0" encoding="UTF-8"?>
<coverage line-rate="0.988816402609506" branch-rate="0" lines-covered="1061" lines-valid="1073" branches-covered="0" branches-valid="0" complexity="0" version="3.6.1" timestamp="2022-10-04 17:44:54">
  <sources/>
  <packages>
    <package name="tern.mmrm" line-rate="0.988816402609506" branch-rate="0" complexity="0">
      <classes>
        <class name="assert_data.R" filename="R/assert_data.R" line-rate="1" branch-rate="0" complexity="0">
          <methods>
            <method name="h_assert_one_rec_pt_visit" signature="" line-rate="1" branch-rate="0">
              <lines>
                <line number="16" hits="58" branch="false"/>
                <line number="17" hits="58" branch="false"/>
                <line number="18" hits="58" branch="false"/>
                <line number="19" hits="57" branch="false"/>
                <line number="21" hits="57" branch="false"/>
                <line number="22" hits="57" branch="false"/>
                <line number="23" hits="57" branch="false"/>
                <line number="25" hits="57" branch="false"/>
                <line number="26" hits="2" branch="false"/>
                <line number="27" hits="2" branch="false"/>
                <line number="28" hits="2" branch="false"/>
                <line number="29" hits="2" branch="false"/>
                <line number="30" hits="2" branch="false"/>
                <line number="31" hits="2" branch="false"/>
                <line number="32" hits="2" branch="false"/>
                <line number="33" hits="2" branch="false"/>
                <line number="34" hits="2" branch="false"/>
                <line number="35" hits="2" branch="false"/>
                <line number="36" hits="2" branch="false"/>
              </lines>
            </method>
            <method name="h_assert_rsp_var" signature="" line-rate="1" branch-rate="0">
              <lines>
                <line number="42" hits="56" branch="false"/>
                <line number="43" hits="56" branch="false"/>
                <line number="44" hits="56" branch="false"/>
                <line number="46" hits="56" branch="false"/>
                <line number="47" hits="56" branch="false"/>
              </lines>
            </method>
            <method name="h_assert_visit_var" signature="" line-rate="1" branch-rate="0">
              <lines>
                <line number="52" hits="57" branch="false"/>
                <line number="53" hits="57" branch="false"/>
                <line number="54" hits="56" branch="false"/>
                <line number="56" hits="56" branch="false"/>
                <line number="57" hits="56" branch="false"/>
              </lines>
            </method>
            <method name="h_assert_id_var" signature="" line-rate="1" branch-rate="0">
              <lines>
                <line number="62" hits="56" branch="false"/>
                <line number="63" hits="56" branch="false"/>
                <line number="64" hits="56" branch="false"/>
                <line number="66" hits="56" branch="false"/>
                <line number="67" hits="56" branch="false"/>
              </lines>
            </method>
            <method name="h_assert_data" signature="" line-rate="1" branch-rate="0">
              <lines>
                <line number="72" hits="60" branch="false"/>
                <line number="73" hits="60" branch="false"/>
                <line number="74" hits="60" branch="false"/>
                <line number="75" hits="59" branch="false"/>
                <line number="76" hits="58" branch="false"/>
                <line number="79" hits="58" branch="false"/>
                <line number="80" hits="58" branch="false"/>
                <line number="81" hits="54" branch="false"/>
                <line number="83" hits="54" branch="false"/>
                <line number="84" hits="53" branch="false"/>
                <line number="85" hits="53" branch="false"/>
                <line number="86" hits="53" branch="false"/>
                <line number="89" hits="53" branch="false"/>
                <line number="90" hits="53" branch="false"/>
                <line number="92" hits="53" branch="false"/>
                <line number="93" hits="46" branch="false"/>
                <line number="94" hits="46" branch="false"/>
                <line number="95" hits="46" branch="false"/>
                <line number="96" hits="46" branch="false"/>
                <line number="97" hits="46" branch="false"/>
                <line number="98" hits="46" branch="false"/>
                <line number="100" hits="7" branch="false"/>
              </lines>
            </method>
          </methods>
          <lines>
            <line number="16" hits="58" branch="false"/>
            <line number="17" hits="58" branch="false"/>
            <line number="18" hits="58" branch="false"/>
            <line number="19" hits="57" branch="false"/>
            <line number="21" hits="57" branch="false"/>
            <line number="22" hits="57" branch="false"/>
            <line number="23" hits="57" branch="false"/>
            <line number="25" hits="57" branch="false"/>
            <line number="26" hits="2" branch="false"/>
            <line number="27" hits="2" branch="false"/>
            <line number="28" hits="2" branch="false"/>
            <line number="29" hits="2" branch="false"/>
            <line number="30" hits="2" branch="false"/>
            <line number="31" hits="2" branch="false"/>
            <line number="32" hits="2" branch="false"/>
            <line number="33" hits="2" branch="false"/>
            <line number="34" hits="2" branch="false"/>
            <line number="35" hits="2" branch="false"/>
            <line number="36" hits="2" branch="false"/>
            <line number="42" hits="56" branch="false"/>
            <line number="43" hits="56" branch="false"/>
            <line number="44" hits="56" branch="false"/>
            <line number="46" hits="56" branch="false"/>
            <line number="47" hits="56" branch="false"/>
            <line number="52" hits="57" branch="false"/>
            <line number="53" hits="57" branch="false"/>
            <line number="54" hits="56" branch="false"/>
            <line number="56" hits="56" branch="false"/>
            <line number="57" hits="56" branch="false"/>
            <line number="62" hits="56" branch="false"/>
            <line number="63" hits="56" branch="false"/>
            <line number="64" hits="56" branch="false"/>
            <line number="66" hits="56" branch="false"/>
            <line number="67" hits="56" branch="false"/>
            <line number="72" hits="60" branch="false"/>
            <line number="73" hits="60" branch="false"/>
            <line number="74" hits="60" branch="false"/>
            <line number="75" hits="59" branch="false"/>
            <line number="76" hits="58" branch="false"/>
            <line number="79" hits="58" branch="false"/>
            <line number="80" hits="58" branch="false"/>
            <line number="81" hits="54" branch="false"/>
            <line number="83" hits="54" branch="false"/>
            <line number="84" hits="53" branch="false"/>
            <line number="85" hits="53" branch="false"/>
            <line number="86" hits="53" branch="false"/>
            <line number="89" hits="53" branch="false"/>
            <line number="90" hits="53" branch="false"/>
            <line number="92" hits="53" branch="false"/>
            <line number="93" hits="46" branch="false"/>
            <line number="94" hits="46" branch="false"/>
            <line number="95" hits="46" branch="false"/>
            <line number="96" hits="46" branch="false"/>
            <line number="97" hits="46" branch="false"/>
            <line number="98" hits="46" branch="false"/>
            <line number="100" hits="7" branch="false"/>
          </lines>
        </class>
        <class name="covariance_plot.R" filename="R/covariance_plot.R" line-rate="0.903846153846154" branch-rate="0" complexity="0">
          <methods>
            <method name="h_get_timepoint_vars" signature="" line-rate="0.964285714285714" branch-rate="0">
              <lines>
                <line number="16" hits="9" branch="false"/>
                <line number="17" hits="9" branch="false"/>
                <line number="19" hits="9" branch="false"/>
                <line number="20" hits="9" branch="false"/>
                <line number="21" hits="9" branch="false"/>
                <line number="22" hits="9" branch="false"/>
                <line number="23" hits="9" branch="false"/>
                <line number="24" hits="9" branch="false"/>
                <line number="25" hits="9" branch="false"/>
                <line number="26" hits="9" branch="false"/>
                <line number="27" hits="9" branch="false"/>
                <line number="28" hits="9" branch="false"/>
                <line number="30" hits="9" branch="false"/>
                <line number="31" hits="5" branch="false"/>
                <line number="32" hits="5" branch="false"/>
                <line number="33" hits="5" branch="false"/>
                <line number="34" hits="1" branch="false"/>
                <line number="35" hits="1" branch="false"/>
                <line number="36" hits="1" branch="false"/>
                <line number="37" hits="1" branch="false"/>
                <line number="40" hits="4" branch="false"/>
                <line number="41" hits="0" branch="false"/>
                <line number="43" hits="4" branch="false"/>
                <line number="44" hits="4" branch="false"/>
                <line number="47" hits="8" branch="false"/>
                <line number="48" hits="8" branch="false"/>
                <line number="49" hits="8" branch="false"/>
                <line number="50" hits="8" branch="false"/>
              </lines>
            </method>
            <method name="h_vectorization" signature="" line-rate="0.733333333333333" branch-rate="0">
              <lines>
                <line number="74" hits="5" branch="false"/>
                <line number="75" hits="5" branch="false"/>
                <line number="76" hits="5" branch="false"/>
                <line number="77" hits="5" branch="false"/>
                <line number="78" hits="5" branch="false"/>
                <line number="79" hits="5" branch="false"/>
                <line number="80" hits="5" branch="false"/>
                <line number="81" hits="5" branch="false"/>
                <line number="82" hits="5" branch="false"/>
                <line number="83" hits="5" branch="false"/>
                <line number="84" hits="0" branch="false"/>
                <line number="85" hits="0" branch="false"/>
                <line number="86" hits="0" branch="false"/>
                <line number="87" hits="0" branch="false"/>
                <line number="89" hits="5" branch="false"/>
              </lines>
            </method>
            <method name="g_covariance" signature="" line-rate="1" branch-rate="0">
              <lines>
                <line number="129" hits="3" branch="false"/>
                <line number="130" hits="3" branch="false"/>
                <line number="131" hits="3" branch="false"/>
                <line number="133" hits="3" branch="false"/>
                <line number="134" hits="3" branch="false"/>
                <line number="135" hits="3" branch="false"/>
                <line number="136" hits="3" branch="false"/>
                <line number="137" hits="3" branch="false"/>
                <line number="138" hits="3" branch="false"/>
              </lines>
            </method>
          </methods>
          <lines>
            <line number="16" hits="9" branch="false"/>
            <line number="17" hits="9" branch="false"/>
            <line number="19" hits="9" branch="false"/>
            <line number="20" hits="9" branch="false"/>
            <line number="21" hits="9" branch="false"/>
            <line number="22" hits="9" branch="false"/>
            <line number="23" hits="9" branch="false"/>
            <line number="24" hits="9" branch="false"/>
            <line number="25" hits="9" branch="false"/>
            <line number="26" hits="9" branch="false"/>
            <line number="27" hits="9" branch="false"/>
            <line number="28" hits="9" branch="false"/>
            <line number="30" hits="9" branch="false"/>
            <line number="31" hits="5" branch="false"/>
            <line number="32" hits="5" branch="false"/>
            <line number="33" hits="5" branch="false"/>
            <line number="34" hits="1" branch="false"/>
            <line number="35" hits="1" branch="false"/>
            <line number="36" hits="1" branch="false"/>
            <line number="37" hits="1" branch="false"/>
            <line number="40" hits="4" branch="false"/>
            <line number="41" hits="0" branch="false"/>
            <line number="43" hits="4" branch="false"/>
            <line number="44" hits="4" branch="false"/>
            <line number="47" hits="8" branch="false"/>
            <line number="48" hits="8" branch="false"/>
            <line number="49" hits="8" branch="false"/>
            <line number="50" hits="8" branch="false"/>
            <line number="74" hits="5" branch="false"/>
            <line number="75" hits="5" branch="false"/>
            <line number="76" hits="5" branch="false"/>
            <line number="77" hits="5" branch="false"/>
            <line number="78" hits="5" branch="false"/>
            <line number="79" hits="5" branch="false"/>
            <line number="80" hits="5" branch="false"/>
            <line number="81" hits="5" branch="false"/>
            <line number="82" hits="5" branch="false"/>
            <line number="83" hits="5" branch="false"/>
            <line number="84" hits="0" branch="false"/>
            <line number="85" hits="0" branch="false"/>
            <line number="86" hits="0" branch="false"/>
            <line number="87" hits="0" branch="false"/>
            <line number="89" hits="5" branch="false"/>
            <line number="129" hits="3" branch="false"/>
            <line number="130" hits="3" branch="false"/>
            <line number="131" hits="3" branch="false"/>
            <line number="133" hits="3" branch="false"/>
            <line number="134" hits="3" branch="false"/>
            <line number="135" hits="3" branch="false"/>
            <line number="136" hits="3" branch="false"/>
            <line number="137" hits="3" branch="false"/>
            <line number="138" hits="3" branch="false"/>
          </lines>
        </class>
        <class name="fit_mmrm.R" filename="R/fit_mmrm.R" line-rate="1" branch-rate="0" complexity="0">
          <methods>
            <method name="h_get_diagnostics" signature="" line-rate="1" branch-rate="0">
              <lines>
                <line number="11" hits="47" branch="false"/>
                <line number="12" hits="47" branch="false"/>
                <line number="14" hits="47" branch="false"/>
                <line number="15" hits="47" branch="false"/>
                <line number="16" hits="47" branch="false"/>
                <line number="17" hits="47" branch="false"/>
                <line number="18" hits="47" branch="false"/>
                <line number="19" hits="47" branch="false"/>
                <line number="20" hits="47" branch="false"/>
              </lines>
            </method>
            <method name="fit_mmrm" signature="" line-rate="1" branch-rate="0">
              <lines>
                <line number="141" hits="47" branch="false"/>
                <line number="142" hits="46" branch="false"/>
                <line number="143" hits="46" branch="false"/>
                <line number="145" hits="46" branch="false"/>
                <line number="146" hits="46" branch="false"/>
                <line number="147" hits="46" branch="false"/>
                <line number="148" hits="46" branch="false"/>
                <line number="149" hits="46" branch="false"/>
                <line number="150" hits="46" branch="false"/>
                <line number="151" hits="46" branch="false"/>
                <line number="152" hits="46" branch="false"/>
                <line number="154" hits="46" branch="false"/>
                <line number="155" hits="46" branch="false"/>
                <line number="156" hits="46" branch="false"/>
                <line number="157" hits="46" branch="false"/>
                <line number="158" hits="46" branch="false"/>
                <line number="159" hits="46" branch="false"/>
                <line number="160" hits="46" branch="false"/>
                <line number="162" hits="46" branch="false"/>
                <line number="163" hits="46" branch="false"/>
                <line number="164" hits="46" branch="false"/>
                <line number="165" hits="46" branch="false"/>
                <line number="166" hits="46" branch="false"/>
                <line number="167" hits="46" branch="false"/>
                <line number="168" hits="46" branch="false"/>
                <line number="169" hits="46" branch="false"/>
                <line number="170" hits="46" branch="false"/>
                <line number="171" hits="46" branch="false"/>
                <line number="172" hits="46" branch="false"/>
                <line number="173" hits="46" branch="false"/>
                <line number="174" hits="46" branch="false"/>
                <line number="175" hits="46" branch="false"/>
                <line number="176" hits="46" branch="false"/>
                <line number="177" hits="46" branch="false"/>
              </lines>
            </method>
          </methods>
          <lines>
            <line number="11" hits="47" branch="false"/>
            <line number="12" hits="47" branch="false"/>
            <line number="14" hits="47" branch="false"/>
            <line number="15" hits="47" branch="false"/>
            <line number="16" hits="47" branch="false"/>
            <line number="17" hits="47" branch="false"/>
            <line number="18" hits="47" branch="false"/>
            <line number="19" hits="47" branch="false"/>
            <line number="20" hits="47" branch="false"/>
            <line number="141" hits="47" branch="false"/>
            <line number="142" hits="46" branch="false"/>
            <line number="143" hits="46" branch="false"/>
            <line number="145" hits="46" branch="false"/>
            <line number="146" hits="46" branch="false"/>
            <line number="147" hits="46" branch="false"/>
            <line number="148" hits="46" branch="false"/>
            <line number="149" hits="46" branch="false"/>
            <line number="150" hits="46" branch="false"/>
            <line number="151" hits="46" branch="false"/>
            <line number="152" hits="46" branch="false"/>
            <line number="154" hits="46" branch="false"/>
            <line number="155" hits="46" branch="false"/>
            <line number="156" hits="46" branch="false"/>
            <line number="157" hits="46" branch="false"/>
            <line number="158" hits="46" branch="false"/>
            <line number="159" hits="46" branch="false"/>
            <line number="160" hits="46" branch="false"/>
            <line number="162" hits="46" branch="false"/>
            <line number="163" hits="46" branch="false"/>
            <line number="164" hits="46" branch="false"/>
            <line number="165" hits="46" branch="false"/>
            <line number="166" hits="46" branch="false"/>
            <line number="167" hits="46" branch="false"/>
            <line number="168" hits="46" branch="false"/>
            <line number="169" hits="46" branch="false"/>
            <line number="170" hits="46" branch="false"/>
            <line number="171" hits="46" branch="false"/>
            <line number="172" hits="46" branch="false"/>
            <line number="173" hits="46" branch="false"/>
            <line number="174" hits="46" branch="false"/>
            <line number="175" hits="46" branch="false"/>
            <line number="176" hits="46" branch="false"/>
            <line number="177" hits="46" branch="false"/>
          </lines>
        </class>
        <class name="formula.R" filename="R/formula.R" line-rate="1" branch-rate="0" complexity="0">
          <methods>
            <method name="build_formula" signature="" line-rate="1" branch-rate="0">
              <lines>
                <line number="33" hits="50" branch="false"/>
                <line number="34" hits="50" branch="false"/>
                <line number="35" hits="49" branch="false"/>
                <line number="36" hits="49" branch="false"/>
                <line number="37" hits="49" branch="false"/>
                <line number="38" hits="49" branch="false"/>
                <line number="39" hits="49" branch="false"/>
                <line number="40" hits="5" branch="false"/>
                <line number="41" hits="49" branch="false"/>
                <line number="42" hits="44" branch="false"/>
                <line number="43" hits="44" branch="false"/>
                <line number="44" hits="44" branch="false"/>
                <line number="45" hits="44" branch="false"/>
                <line number="46" hits="44" branch="false"/>
                <line number="47" hits="49" branch="false"/>
                <line number="48" hits="49" branch="false"/>
                <line number="49" hits="49" branch="false"/>
                <line number="50" hits="49" branch="false"/>
                <line number="51" hits="49" branch="false"/>
                <line number="52" hits="49" branch="false"/>
                <line number="53" hits="49" branch="false"/>
                <line number="54" hits="49" branch="false"/>
                <line number="55" hits="49" branch="false"/>
                <line number="56" hits="49" branch="false"/>
                <line number="57" hits="49" branch="false"/>
                <line number="58" hits="49" branch="false"/>
                <line number="59" hits="49" branch="false"/>
                <line number="60" hits="49" branch="false"/>
                <line number="61" hits="49" branch="false"/>
                <line number="62" hits="49" branch="false"/>
                <line number="63" hits="49" branch="false"/>
                <line number="64" hits="49" branch="false"/>
                <line number="65" hits="49" branch="false"/>
                <line number="66" hits="49" branch="false"/>
                <line number="67" hits="49" branch="false"/>
                <line number="68" hits="48" branch="false"/>
                <line number="69" hits="48" branch="false"/>
                <line number="70" hits="48" branch="false"/>
                <line number="71" hits="48" branch="false"/>
                <line number="72" hits="48" branch="false"/>
                <line number="74" hits="49" branch="false"/>
                <line number="75" hits="49" branch="false"/>
                <line number="76" hits="49" branch="false"/>
                <line number="77" hits="49" branch="false"/>
                <line number="78" hits="49" branch="false"/>
              </lines>
            </method>
          </methods>
          <lines>
            <line number="33" hits="50" branch="false"/>
            <line number="34" hits="50" branch="false"/>
            <line number="35" hits="49" branch="false"/>
            <line number="36" hits="49" branch="false"/>
            <line number="37" hits="49" branch="false"/>
            <line number="38" hits="49" branch="false"/>
            <line number="39" hits="49" branch="false"/>
            <line number="40" hits="5" branch="false"/>
            <line number="41" hits="49" branch="false"/>
            <line number="42" hits="44" branch="false"/>
            <line number="43" hits="44" branch="false"/>
            <line number="44" hits="44" branch="false"/>
            <line number="45" hits="44" branch="false"/>
            <line number="46" hits="44" branch="false"/>
            <line number="47" hits="49" branch="false"/>
            <line number="48" hits="49" branch="false"/>
            <line number="49" hits="49" branch="false"/>
            <line number="50" hits="49" branch="false"/>
            <line number="51" hits="49" branch="false"/>
            <line number="52" hits="49" branch="false"/>
            <line number="53" hits="49" branch="false"/>
            <line number="54" hits="49" branch="false"/>
            <line number="55" hits="49" branch="false"/>
            <line number="56" hits="49" branch="false"/>
            <line number="57" hits="49" branch="false"/>
            <line number="58" hits="49" branch="false"/>
            <line number="59" hits="49" branch="false"/>
            <line number="60" hits="49" branch="false"/>
            <line number="61" hits="49" branch="false"/>
            <line number="62" hits="49" branch="false"/>
            <line number="63" hits="49" branch="false"/>
            <line number="64" hits="49" branch="false"/>
            <line number="65" hits="49" branch="false"/>
            <line number="66" hits="49" branch="false"/>
            <line number="67" hits="49" branch="false"/>
            <line number="68" hits="48" branch="false"/>
            <line number="69" hits="48" branch="false"/>
            <line number="70" hits="48" branch="false"/>
            <line number="71" hits="48" branch="false"/>
            <line number="72" hits="48" branch="false"/>
            <line number="74" hits="49" branch="false"/>
            <line number="75" hits="49" branch="false"/>
            <line number="76" hits="49" branch="false"/>
            <line number="77" hits="49" branch="false"/>
            <line number="78" hits="49" branch="false"/>
          </lines>
        </class>
        <class name="g_mmrm.R" filename="R/g_mmrm.R" line-rate="0.976744186046512" branch-rate="0" complexity="0">
          <methods>
            <method name="g_mmrm_diagnostic" signature="" line-rate="0.931818181818182" branch-rate="0">
              <lines>
                <line number="49" hits="3" branch="false"/>
                <line number="50" hits="3" branch="false"/>
                <line number="51" hits="3" branch="false"/>
                <line number="53" hits="3" branch="false"/>
                <line number="54" hits="3" branch="false"/>
                <line number="55" hits="3" branch="false"/>
                <line number="56" hits="3" branch="false"/>
                <line number="57" hits="3" branch="false"/>
                <line number="59" hits="3" branch="false"/>
                <line number="60" hits="1" branch="false"/>
                <line number="61" hits="1" branch="false"/>
                <line number="63" hits="1" branch="false"/>
                <line number="64" hits="1" branch="false"/>
                <line number="65" hits="1" branch="false"/>
                <line number="66" hits="0" branch="false"/>
                <line number="67" hits="0" branch="false"/>
                <line number="68" hits="0" branch="false"/>
                <line number="69" hits="0" branch="false"/>
                <line number="70" hits="0" branch="false"/>
                <line number="71" hits="0" branch="false"/>
                <line number="72" hits="1" branch="false"/>
                <line number="73" hits="1" branch="false"/>
                <line number="74" hits="1" branch="false"/>
                <line number="75" hits="1" branch="false"/>
                <line number="76" hits="1" branch="false"/>
                <line number="77" hits="1" branch="false"/>
                <line number="78" hits="1" branch="false"/>
                <line number="79" hits="1" branch="false"/>
                <line number="80" hits="1" branch="false"/>
                <line number="81" hits="1" branch="false"/>
                <line number="82" hits="1" branch="false"/>
                <line number="83" hits="1" branch="false"/>
                <line number="84" hits="1" branch="false"/>
                <line number="85" hits="1" branch="false"/>
                <line number="86" hits="1" branch="false"/>
                <line number="87" hits="1" branch="false"/>
                <line number="88" hits="1" branch="false"/>
                <line number="89" hits="1" branch="false"/>
                <line number="90" hits="1" branch="false"/>
                <line number="91" hits="1" branch="false"/>
                <line number="92" hits="1" branch="false"/>
                <line number="93" hits="1" branch="false"/>
                <line number="94" hits="1" branch="false"/>
                <line number="95" hits="1" branch="false"/>
                <line number="96" hits="1" branch="false"/>
                <line number="97" hits="3" branch="false"/>
                <line number="98" hits="1" branch="false"/>
                <line number="99" hits="1" branch="false"/>
                <line number="100" hits="1" branch="false"/>
                <line number="101" hits="3" branch="false"/>
                <line number="103" hits="2" branch="false"/>
                <line number="104" hits="2" branch="false"/>
                <line number="105" hits="2" branch="false"/>
                <line number="108" hits="2" branch="false"/>
                <line number="109" hits="2" branch="false"/>
                <line number="110" hits="2" branch="false"/>
                <line number="111" hits="2" branch="false"/>
                <line number="112" hits="2" branch="false"/>
                <line number="113" hits="2" branch="false"/>
                <line number="114" hits="2" branch="false"/>
                <line number="115" hits="2" branch="false"/>
                <line number="116" hits="2" branch="false"/>
                <line number="117" hits="2" branch="false"/>
                <line number="118" hits="2" branch="false"/>
                <line number="119" hits="2" branch="false"/>
                <line number="120" hits="2" branch="false"/>
                <line number="121" hits="2" branch="false"/>
                <line number="122" hits="2" branch="false"/>
                <line number="123" hits="2" branch="false"/>
                <line number="124" hits="2" branch="false"/>
                <line number="125" hits="1" branch="false"/>
                <line number="126" hits="1" branch="false"/>
                <line number="127" hits="1" branch="false"/>
                <line number="128" hits="1" branch="false"/>
                <line number="129" hits="1" branch="false"/>
                <line number="130" hits="1" branch="false"/>
                <line number="131" hits="1" branch="false"/>
                <line number="132" hits="1" branch="false"/>
                <line number="133" hits="1" branch="false"/>
                <line number="134" hits="1" branch="false"/>
                <line number="135" hits="1" branch="false"/>
                <line number="136" hits="1" branch="false"/>
                <line number="137" hits="1" branch="false"/>
                <line number="138" hits="1" branch="false"/>
                <line number="139" hits="3" branch="false"/>
                <line number="140" hits="2" branch="false"/>
                <line number="141" hits="3" branch="false"/>
                <line number="142" hits="3" branch="false"/>
              </lines>
            </method>
            <method name="g_mmrm_lsmeans" signature="" line-rate="0.995305164319249" branch-rate="0">
              <lines>
                <line number="299" hits="12" branch="false"/>
                <line number="300" hits="12" branch="false"/>
                <line number="301" hits="12" branch="false"/>
                <line number="302" hits="3" branch="false"/>
                <line number="303" hits="3" branch="false"/>
                <line number="304" hits="3" branch="false"/>
                <line number="305" hits="0" branch="false"/>
                <line number="307" hits="3" branch="false"/>
                <line number="309" hits="9" branch="false"/>
                <line number="311" hits="12" branch="false"/>
                <line number="312" hits="12" branch="false"/>
                <line number="313" hits="12" branch="false"/>
                <line number="314" hits="12" branch="false"/>
                <line number="315" hits="12" branch="false"/>
                <line number="316" hits="12" branch="false"/>
                <line number="317" hits="12" branch="false"/>
                <line number="318" hits="3" branch="false"/>
                <line number="320" hits="12" branch="false"/>
                <line number="321" hits="12" branch="false"/>
                <line number="322" hits="12" branch="false"/>
                <line number="323" hits="12" branch="false"/>
                <line number="326" hits="12" branch="false"/>
                <line number="327" hits="12" branch="false"/>
                <line number="328" hits="9" branch="false"/>
                <line number="329" hits="9" branch="false"/>
                <line number="330" hits="9" branch="false"/>
                <line number="331" hits="9" branch="false"/>
                <line number="333" hits="3" branch="false"/>
                <line number="337" hits="12" branch="false"/>
                <line number="338" hits="5" branch="false"/>
                <line number="339" hits="5" branch="false"/>
                <line number="340" hits="5" branch="false"/>
                <line number="341" hits="5" branch="false"/>
                <line number="343" hits="5" branch="false"/>
                <line number="344" hits="5" branch="false"/>
                <line number="345" hits="5" branch="false"/>
                <line number="346" hits="5" branch="false"/>
                <line number="347" hits="5" branch="false"/>
                <line number="348" hits="5" branch="false"/>
                <line number="349" hits="5" branch="false"/>
                <line number="350" hits="5" branch="false"/>
                <line number="351" hits="5" branch="false"/>
                <line number="352" hits="5" branch="false"/>
                <line number="354" hits="5" branch="false"/>
                <line number="355" hits="2" branch="false"/>
                <line number="356" hits="2" branch="false"/>
                <line number="358" hits="3" branch="false"/>
                <line number="359" hits="3" branch="false"/>
                <line number="360" hits="3" branch="false"/>
                <line number="361" hits="3" branch="false"/>
                <line number="362" hits="3" branch="false"/>
                <line number="363" hits="3" branch="false"/>
                <line number="364" hits="3" branch="false"/>
                <line number="365" hits="3" branch="false"/>
                <line number="366" hits="3" branch="false"/>
                <line number="367" hits="3" branch="false"/>
                <line number="368" hits="3" branch="false"/>
                <line number="370" hits="3" branch="false"/>
                <line number="371" hits="3" branch="false"/>
                <line number="372" hits="3" branch="false"/>
                <line number="373" hits="3" branch="false"/>
                <line number="374" hits="3" branch="false"/>
                <line number="375" hits="3" branch="false"/>
                <line number="376" hits="3" branch="false"/>
                <line number="377" hits="1" branch="false"/>
                <line number="378" hits="1" branch="false"/>
                <line number="379" hits="3" branch="false"/>
                <line number="380" hits="2" branch="false"/>
                <line number="381" hits="3" branch="false"/>
                <line number="382" hits="3" branch="false"/>
                <line number="383" hits="3" branch="false"/>
                <line number="384" hits="3" branch="false"/>
                <line number="385" hits="3" branch="false"/>
                <line number="386" hits="3" branch="false"/>
                <line number="387" hits="3" branch="false"/>
                <line number="389" hits="3" branch="false"/>
                <line number="390" hits="3" branch="false"/>
                <line number="392" hits="5" branch="false"/>
                <line number="393" hits="5" branch="false"/>
                <line number="395" hits="12" branch="false"/>
                <line number="397" hits="12" branch="false"/>
                <line number="398" hits="7" branch="false"/>
                <line number="399" hits="12" branch="false"/>
                <line number="400" hits="1" branch="false"/>
                <line number="401" hits="12" branch="false"/>
                <line number="402" hits="4" branch="false"/>
                <line number="403" hits="4" branch="false"/>
                <line number="404" hits="4" branch="false"/>
                <line number="405" hits="4" branch="false"/>
                <line number="406" hits="4" branch="false"/>
                <line number="407" hits="12" branch="false"/>
                <line number="409" hits="12" branch="false"/>
                <line number="411" hits="12" branch="false"/>
                <line number="412" hits="12" branch="false"/>
                <line number="413" hits="12" branch="false"/>
                <line number="414" hits="12" branch="false"/>
                <line number="415" hits="12" branch="false"/>
                <line number="416" hits="12" branch="false"/>
                <line number="417" hits="12" branch="false"/>
                <line number="418" hits="12" branch="false"/>
                <line number="419" hits="12" branch="false"/>
                <line number="420" hits="12" branch="false"/>
                <line number="421" hits="12" branch="false"/>
                <line number="422" hits="12" branch="false"/>
                <line number="423" hits="12" branch="false"/>
                <line number="424" hits="12" branch="false"/>
                <line number="425" hits="12" branch="false"/>
                <line number="426" hits="12" branch="false"/>
                <line number="427" hits="12" branch="false"/>
                <line number="428" hits="12" branch="false"/>
                <line number="429" hits="12" branch="false"/>
                <line number="430" hits="12" branch="false"/>
                <line number="431" hits="12" branch="false"/>
                <line number="432" hits="12" branch="false"/>
                <line number="433" hits="12" branch="false"/>
                <line number="434" hits="12" branch="false"/>
                <line number="435" hits="12" branch="false"/>
                <line number="436" hits="12" branch="false"/>
                <line number="437" hits="2" branch="false"/>
                <line number="438" hits="2" branch="false"/>
                <line number="440" hits="12" branch="false"/>
                <line number="441" hits="5" branch="false"/>
                <line number="442" hits="5" branch="false"/>
                <line number="443" hits="5" branch="false"/>
                <line number="444" hits="5" branch="false"/>
                <line number="445" hits="5" branch="false"/>
                <line number="446" hits="5" branch="false"/>
                <line number="447" hits="5" branch="false"/>
                <line number="448" hits="4" branch="false"/>
                <line number="449" hits="4" branch="false"/>
                <line number="450" hits="4" branch="false"/>
                <line number="451" hits="4" branch="false"/>
                <line number="452" hits="4" branch="false"/>
                <line number="453" hits="4" branch="false"/>
                <line number="454" hits="4" branch="false"/>
                <line number="455" hits="4" branch="false"/>
                <line number="456" hits="4" branch="false"/>
                <line number="457" hits="4" branch="false"/>
                <line number="458" hits="4" branch="false"/>
                <line number="459" hits="4" branch="false"/>
                <line number="460" hits="4" branch="false"/>
                <line number="461" hits="4" branch="false"/>
                <line number="462" hits="4" branch="false"/>
                <line number="463" hits="4" branch="false"/>
                <line number="464" hits="4" branch="false"/>
                <line number="465" hits="4" branch="false"/>
                <line number="466" hits="4" branch="false"/>
                <line number="467" hits="4" branch="false"/>
                <line number="468" hits="4" branch="false"/>
                <line number="469" hits="4" branch="false"/>
                <line number="470" hits="4" branch="false"/>
                <line number="471" hits="4" branch="false"/>
                <line number="472" hits="4" branch="false"/>
                <line number="474" hits="7" branch="false"/>
                <line number="475" hits="5" branch="false"/>
                <line number="476" hits="5" branch="false"/>
                <line number="477" hits="5" branch="false"/>
                <line number="478" hits="5" branch="false"/>
                <line number="479" hits="5" branch="false"/>
                <line number="480" hits="5" branch="false"/>
                <line number="481" hits="5" branch="false"/>
                <line number="482" hits="5" branch="false"/>
                <line number="483" hits="35" branch="false"/>
                <line number="484" hits="35" branch="false"/>
                <line number="485" hits="35" branch="false"/>
                <line number="486" hits="35" branch="false"/>
                <line number="487" hits="35" branch="false"/>
                <line number="488" hits="35" branch="false"/>
                <line number="489" hits="35" branch="false"/>
                <line number="490" hits="35" branch="false"/>
                <line number="491" hits="35" branch="false"/>
                <line number="492" hits="35" branch="false"/>
                <line number="493" hits="35" branch="false"/>
                <line number="496" hits="5" branch="false"/>
                <line number="498" hits="5" branch="false"/>
                <line number="499" hits="5" branch="false"/>
                <line number="500" hits="5" branch="false"/>
                <line number="501" hits="5" branch="false"/>
                <line number="502" hits="5" branch="false"/>
                <line number="503" hits="5" branch="false"/>
                <line number="504" hits="5" branch="false"/>
                <line number="506" hits="5" branch="false"/>
                <line number="507" hits="5" branch="false"/>
                <line number="508" hits="5" branch="false"/>
                <line number="509" hits="5" branch="false"/>
                <line number="510" hits="5" branch="false"/>
                <line number="511" hits="5" branch="false"/>
                <line number="512" hits="5" branch="false"/>
                <line number="513" hits="5" branch="false"/>
                <line number="514" hits="5" branch="false"/>
                <line number="515" hits="5" branch="false"/>
                <line number="516" hits="5" branch="false"/>
                <line number="517" hits="5" branch="false"/>
                <line number="518" hits="5" branch="false"/>
                <line number="519" hits="5" branch="false"/>
                <line number="520" hits="5" branch="false"/>
                <line number="523" hits="5" branch="false"/>
                <line number="524" hits="3" branch="false"/>
                <line number="525" hits="3" branch="false"/>
                <line number="526" hits="3" branch="false"/>
                <line number="527" hits="3" branch="false"/>
                <line number="531" hits="5" branch="false"/>
                <line number="532" hits="5" branch="false"/>
                <line number="533" hits="5" branch="false"/>
                <line number="534" hits="5" branch="false"/>
                <line number="535" hits="5" branch="false"/>
                <line number="536" hits="5" branch="false"/>
                <line number="537" hits="5" branch="false"/>
                <line number="538" hits="5" branch="false"/>
                <line number="539" hits="5" branch="false"/>
                <line number="540" hits="5" branch="false"/>
                <line number="541" hits="5" branch="false"/>
                <line number="543" hits="12" branch="false"/>
              </lines>
            </method>
          </methods>
          <lines>
            <line number="49" hits="3" branch="false"/>
            <line number="50" hits="3" branch="false"/>
            <line number="51" hits="3" branch="false"/>
            <line number="53" hits="3" branch="false"/>
            <line number="54" hits="3" branch="false"/>
            <line number="55" hits="3" branch="false"/>
            <line number="56" hits="3" branch="false"/>
            <line number="57" hits="3" branch="false"/>
            <line number="59" hits="3" branch="false"/>
            <line number="60" hits="1" branch="false"/>
            <line number="61" hits="1" branch="false"/>
            <line number="63" hits="1" branch="false"/>
            <line number="64" hits="1" branch="false"/>
            <line number="65" hits="1" branch="false"/>
            <line number="66" hits="0" branch="false"/>
            <line number="67" hits="0" branch="false"/>
            <line number="68" hits="0" branch="false"/>
            <line number="69" hits="0" branch="false"/>
            <line number="70" hits="0" branch="false"/>
            <line number="71" hits="0" branch="false"/>
            <line number="72" hits="1" branch="false"/>
            <line number="73" hits="1" branch="false"/>
            <line number="74" hits="1" branch="false"/>
            <line number="75" hits="1" branch="false"/>
            <line number="76" hits="1" branch="false"/>
            <line number="77" hits="1" branch="false"/>
            <line number="78" hits="1" branch="false"/>
            <line number="79" hits="1" branch="false"/>
            <line number="80" hits="1" branch="false"/>
            <line number="81" hits="1" branch="false"/>
            <line number="82" hits="1" branch="false"/>
            <line number="83" hits="1" branch="false"/>
            <line number="84" hits="1" branch="false"/>
            <line number="85" hits="1" branch="false"/>
            <line number="86" hits="1" branch="false"/>
            <line number="87" hits="1" branch="false"/>
            <line number="88" hits="1" branch="false"/>
            <line number="89" hits="1" branch="false"/>
            <line number="90" hits="1" branch="false"/>
            <line number="91" hits="1" branch="false"/>
            <line number="92" hits="1" branch="false"/>
            <line number="93" hits="1" branch="false"/>
            <line number="94" hits="1" branch="false"/>
            <line number="95" hits="1" branch="false"/>
            <line number="96" hits="1" branch="false"/>
            <line number="97" hits="3" branch="false"/>
            <line number="98" hits="1" branch="false"/>
            <line number="99" hits="1" branch="false"/>
            <line number="100" hits="1" branch="false"/>
            <line number="101" hits="3" branch="false"/>
            <line number="103" hits="2" branch="false"/>
            <line number="104" hits="2" branch="false"/>
            <line number="105" hits="2" branch="false"/>
            <line number="108" hits="2" branch="false"/>
            <line number="109" hits="2" branch="false"/>
            <line number="110" hits="2" branch="false"/>
            <line number="111" hits="2" branch="false"/>
            <line number="112" hits="2" branch="false"/>
            <line number="113" hits="2" branch="false"/>
            <line number="114" hits="2" branch="false"/>
            <line number="115" hits="2" branch="false"/>
            <line number="116" hits="2" branch="false"/>
            <line number="117" hits="2" branch="false"/>
            <line number="118" hits="2" branch="false"/>
            <line number="119" hits="2" branch="false"/>
            <line number="120" hits="2" branch="false"/>
            <line number="121" hits="2" branch="false"/>
            <line number="122" hits="2" branch="false"/>
            <line number="123" hits="2" branch="false"/>
            <line number="124" hits="2" branch="false"/>
            <line number="125" hits="1" branch="false"/>
            <line number="126" hits="1" branch="false"/>
            <line number="127" hits="1" branch="false"/>
            <line number="128" hits="1" branch="false"/>
            <line number="129" hits="1" branch="false"/>
            <line number="130" hits="1" branch="false"/>
            <line number="131" hits="1" branch="false"/>
            <line number="132" hits="1" branch="false"/>
            <line number="133" hits="1" branch="false"/>
            <line number="134" hits="1" branch="false"/>
            <line number="135" hits="1" branch="false"/>
            <line number="136" hits="1" branch="false"/>
            <line number="137" hits="1" branch="false"/>
            <line number="138" hits="1" branch="false"/>
            <line number="139" hits="3" branch="false"/>
            <line number="140" hits="2" branch="false"/>
            <line number="141" hits="3" branch="false"/>
            <line number="142" hits="3" branch="false"/>
            <line number="299" hits="12" branch="false"/>
            <line number="300" hits="12" branch="false"/>
            <line number="301" hits="12" branch="false"/>
            <line number="302" hits="3" branch="false"/>
            <line number="303" hits="3" branch="false"/>
            <line number="304" hits="3" branch="false"/>
            <line number="305" hits="0" branch="false"/>
            <line number="307" hits="3" branch="false"/>
            <line number="309" hits="9" branch="false"/>
            <line number="311" hits="12" branch="false"/>
            <line number="312" hits="12" branch="false"/>
            <line number="313" hits="12" branch="false"/>
            <line number="314" hits="12" branch="false"/>
            <line number="315" hits="12" branch="false"/>
            <line number="316" hits="12" branch="false"/>
            <line number="317" hits="12" branch="false"/>
            <line number="318" hits="3" branch="false"/>
            <line number="320" hits="12" branch="false"/>
            <line number="321" hits="12" branch="false"/>
            <line number="322" hits="12" branch="false"/>
            <line number="323" hits="12" branch="false"/>
            <line number="326" hits="12" branch="false"/>
            <line number="327" hits="12" branch="false"/>
            <line number="328" hits="9" branch="false"/>
            <line number="329" hits="9" branch="false"/>
            <line number="330" hits="9" branch="false"/>
            <line number="331" hits="9" branch="false"/>
            <line number="333" hits="3" branch="false"/>
            <line number="337" hits="12" branch="false"/>
            <line number="338" hits="5" branch="false"/>
            <line number="339" hits="5" branch="false"/>
            <line number="340" hits="5" branch="false"/>
            <line number="341" hits="5" branch="false"/>
            <line number="343" hits="5" branch="false"/>
            <line number="344" hits="5" branch="false"/>
            <line number="345" hits="5" branch="false"/>
            <line number="346" hits="5" branch="false"/>
            <line number="347" hits="5" branch="false"/>
            <line number="348" hits="5" branch="false"/>
            <line number="349" hits="5" branch="false"/>
            <line number="350" hits="5" branch="false"/>
            <line number="351" hits="5" branch="false"/>
            <line number="352" hits="5" branch="false"/>
            <line number="354" hits="5" branch="false"/>
            <line number="355" hits="2" branch="false"/>
            <line number="356" hits="2" branch="false"/>
            <line number="358" hits="3" branch="false"/>
            <line number="359" hits="3" branch="false"/>
            <line number="360" hits="3" branch="false"/>
            <line number="361" hits="3" branch="false"/>
            <line number="362" hits="3" branch="false"/>
            <line number="363" hits="3" branch="false"/>
            <line number="364" hits="3" branch="false"/>
            <line number="365" hits="3" branch="false"/>
            <line number="366" hits="3" branch="false"/>
            <line number="367" hits="3" branch="false"/>
            <line number="368" hits="3" branch="false"/>
            <line number="370" hits="3" branch="false"/>
            <line number="371" hits="3" branch="false"/>
            <line number="372" hits="3" branch="false"/>
            <line number="373" hits="3" branch="false"/>
            <line number="374" hits="3" branch="false"/>
            <line number="375" hits="3" branch="false"/>
            <line number="376" hits="3" branch="false"/>
            <line number="377" hits="1" branch="false"/>
            <line number="378" hits="1" branch="false"/>
            <line number="379" hits="3" branch="false"/>
            <line number="380" hits="2" branch="false"/>
            <line number="381" hits="3" branch="false"/>
            <line number="382" hits="3" branch="false"/>
            <line number="383" hits="3" branch="false"/>
            <line number="384" hits="3" branch="false"/>
            <line number="385" hits="3" branch="false"/>
            <line number="386" hits="3" branch="false"/>
            <line number="387" hits="3" branch="false"/>
            <line number="389" hits="3" branch="false"/>
            <line number="390" hits="3" branch="false"/>
            <line number="392" hits="5" branch="false"/>
            <line number="393" hits="5" branch="false"/>
            <line number="395" hits="12" branch="false"/>
            <line number="397" hits="12" branch="false"/>
            <line number="398" hits="7" branch="false"/>
            <line number="399" hits="12" branch="false"/>
            <line number="400" hits="1" branch="false"/>
            <line number="401" hits="12" branch="false"/>
            <line number="402" hits="4" branch="false"/>
            <line number="403" hits="4" branch="false"/>
            <line number="404" hits="4" branch="false"/>
            <line number="405" hits="4" branch="false"/>
            <line number="406" hits="4" branch="false"/>
            <line number="407" hits="12" branch="false"/>
            <line number="409" hits="12" branch="false"/>
            <line number="411" hits="12" branch="false"/>
            <line number="412" hits="12" branch="false"/>
            <line number="413" hits="12" branch="false"/>
            <line number="414" hits="12" branch="false"/>
            <line number="415" hits="12" branch="false"/>
            <line number="416" hits="12" branch="false"/>
            <line number="417" hits="12" branch="false"/>
            <line number="418" hits="12" branch="false"/>
            <line number="419" hits="12" branch="false"/>
            <line number="420" hits="12" branch="false"/>
            <line number="421" hits="12" branch="false"/>
            <line number="422" hits="12" branch="false"/>
            <line number="423" hits="12" branch="false"/>
            <line number="424" hits="12" branch="false"/>
            <line number="425" hits="12" branch="false"/>
            <line number="426" hits="12" branch="false"/>
            <line number="427" hits="12" branch="false"/>
            <line number="428" hits="12" branch="false"/>
            <line number="429" hits="12" branch="false"/>
            <line number="430" hits="12" branch="false"/>
            <line number="431" hits="12" branch="false"/>
            <line number="432" hits="12" branch="false"/>
            <line number="433" hits="12" branch="false"/>
            <line number="434" hits="12" branch="false"/>
            <line number="435" hits="12" branch="false"/>
            <line number="436" hits="12" branch="false"/>
            <line number="437" hits="2" branch="false"/>
            <line number="438" hits="2" branch="false"/>
            <line number="440" hits="12" branch="false"/>
            <line number="441" hits="5" branch="false"/>
            <line number="442" hits="5" branch="false"/>
            <line number="443" hits="5" branch="false"/>
            <line number="444" hits="5" branch="false"/>
            <line number="445" hits="5" branch="false"/>
            <line number="446" hits="5" branch="false"/>
            <line number="447" hits="5" branch="false"/>
            <line number="448" hits="4" branch="false"/>
            <line number="449" hits="4" branch="false"/>
            <line number="450" hits="4" branch="false"/>
            <line number="451" hits="4" branch="false"/>
            <line number="452" hits="4" branch="false"/>
            <line number="453" hits="4" branch="false"/>
            <line number="454" hits="4" branch="false"/>
            <line number="455" hits="4" branch="false"/>
            <line number="456" hits="4" branch="false"/>
            <line number="457" hits="4" branch="false"/>
            <line number="458" hits="4" branch="false"/>
            <line number="459" hits="4" branch="false"/>
            <line number="460" hits="4" branch="false"/>
            <line number="461" hits="4" branch="false"/>
            <line number="462" hits="4" branch="false"/>
            <line number="463" hits="4" branch="false"/>
            <line number="464" hits="4" branch="false"/>
            <line number="465" hits="4" branch="false"/>
            <line number="466" hits="4" branch="false"/>
            <line number="467" hits="4" branch="false"/>
            <line number="468" hits="4" branch="false"/>
            <line number="469" hits="4" branch="false"/>
            <line number="470" hits="4" branch="false"/>
            <line number="471" hits="4" branch="false"/>
            <line number="472" hits="4" branch="false"/>
            <line number="474" hits="7" branch="false"/>
            <line number="475" hits="5" branch="false"/>
            <line number="476" hits="5" branch="false"/>
            <line number="477" hits="5" branch="false"/>
            <line number="478" hits="5" branch="false"/>
            <line number="479" hits="5" branch="false"/>
            <line number="480" hits="5" branch="false"/>
            <line number="481" hits="5" branch="false"/>
            <line number="482" hits="5" branch="false"/>
            <line number="483" hits="35" branch="false"/>
            <line number="484" hits="35" branch="false"/>
            <line number="485" hits="35" branch="false"/>
            <line number="486" hits="35" branch="false"/>
            <line number="487" hits="35" branch="false"/>
            <line number="488" hits="35" branch="false"/>
            <line number="489" hits="35" branch="false"/>
            <line number="490" hits="35" branch="false"/>
            <line number="491" hits="35" branch="false"/>
            <line number="492" hits="35" branch="false"/>
            <line number="493" hits="35" branch="false"/>
            <line number="496" hits="5" branch="false"/>
            <line number="498" hits="5" branch="false"/>
            <line number="499" hits="5" branch="false"/>
            <line number="500" hits="5" branch="false"/>
            <line number="501" hits="5" branch="false"/>
            <line number="502" hits="5" branch="false"/>
            <line number="503" hits="5" branch="false"/>
            <line number="504" hits="5" branch="false"/>
            <line number="506" hits="5" branch="false"/>
            <line number="507" hits="5" branch="false"/>
            <line number="508" hits="5" branch="false"/>
            <line number="509" hits="5" branch="false"/>
            <line number="510" hits="5" branch="false"/>
            <line number="511" hits="5" branch="false"/>
            <line number="512" hits="5" branch="false"/>
            <line number="513" hits="5" branch="false"/>
            <line number="514" hits="5" branch="false"/>
            <line number="515" hits="5" branch="false"/>
            <line number="516" hits="5" branch="false"/>
            <line number="517" hits="5" branch="false"/>
            <line number="518" hits="5" branch="false"/>
            <line number="519" hits="5" branch="false"/>
            <line number="520" hits="5" branch="false"/>
            <line number="523" hits="5" branch="false"/>
            <line number="524" hits="3" branch="false"/>
            <line number="525" hits="3" branch="false"/>
            <line number="526" hits="3" branch="false"/>
            <line number="527" hits="3" branch="false"/>
            <line number="531" hits="5" branch="false"/>
            <line number="532" hits="5" branch="false"/>
            <line number="533" hits="5" branch="false"/>
            <line number="534" hits="5" branch="false"/>
            <line number="535" hits="5" branch="false"/>
            <line number="536" hits="5" branch="false"/>
            <line number="537" hits="5" branch="false"/>
            <line number="538" hits="5" branch="false"/>
            <line number="539" hits="5" branch="false"/>
            <line number="540" hits="5" branch="false"/>
            <line number="541" hits="5" branch="false"/>
            <line number="543" hits="12" branch="false"/>
          </lines>
        </class>
        <class name="labels.R" filename="R/labels.R" line-rate="1" branch-rate="0" complexity="0">
          <methods>
            <method name="h_is_specified" signature="" line-rate="1" branch-rate="0">
              <lines>
                <line number="13" hits="337" branch="false"/>
              </lines>
            </method>
            <method name="h_is_specified_and_in_data" signature="" line-rate="1" branch-rate="0">
              <lines>
                <line number="18" hits="237" branch="false"/>
              </lines>
            </method>
            <method name="h_check_and_get_label" signature="" line-rate="1" branch-rate="0">
              <lines>
                <line number="23" hits="236" branch="false"/>
                <line number="24" hits="236" branch="false"/>
                <line number="25" hits="236" branch="false"/>
                <line number="26" hits="256" branch="false"/>
                <line number="27" hits="256" branch="false"/>
                <line number="28" hits="256" branch="false"/>
                <line number="30" hits="236" branch="false"/>
              </lines>
            </method>
            <method name="h_labels" signature="" line-rate="1" branch-rate="0">
              <lines>
                <line number="36" hits="48" branch="false"/>
                <line number="37" hits="48" branch="false"/>
                <line number="38" hits="48" branch="false"/>
                <line number="39" hits="48" branch="false"/>
                <line number="40" hits="48" branch="false"/>
                <line number="41" hits="48" branch="false"/>
                <line number="42" hits="48" branch="false"/>
                <line number="43" hits="44" branch="false"/>
                <line number="45" hits="48" branch="false"/>
                <line number="46" hits="47" branch="false"/>
                <line number="47" hits="47" branch="false"/>
                <line number="49" hits="48" branch="false"/>
              </lines>
            </method>
          </methods>
          <lines>
            <line number="13" hits="337" branch="false"/>
            <line number="18" hits="237" branch="false"/>
            <line number="23" hits="236" branch="false"/>
            <line number="24" hits="236" branch="false"/>
            <line number="25" hits="236" branch="false"/>
            <line number="26" hits="256" branch="false"/>
            <line number="27" hits="256" branch="false"/>
            <line number="28" hits="256" branch="false"/>
            <line number="30" hits="236" branch="false"/>
            <line number="36" hits="48" branch="false"/>
            <line number="37" hits="48" branch="false"/>
            <line number="38" hits="48" branch="false"/>
            <line number="39" hits="48" branch="false"/>
            <line number="40" hits="48" branch="false"/>
            <line number="41" hits="48" branch="false"/>
            <line number="42" hits="48" branch="false"/>
            <line number="43" hits="44" branch="false"/>
            <line number="45" hits="48" branch="false"/>
            <line number="46" hits="47" branch="false"/>
            <line number="47" hits="47" branch="false"/>
            <line number="49" hits="48" branch="false"/>
          </lines>
        </class>
        <class name="lsmeans.R" filename="R/lsmeans.R" line-rate="1" branch-rate="0" complexity="0">
          <methods>
            <method name="h_get_emmeans_res" signature="" line-rate="1" branch-rate="0">
              <lines>
                <line number="24" hits="63" branch="false"/>
                <line number="25" hits="63" branch="false"/>
                <line number="26" hits="63" branch="false"/>
                <line number="27" hits="63" branch="false"/>
                <line number="29" hits="63" branch="false"/>
                <line number="30" hits="63" branch="false"/>
                <line number="31" hits="63" branch="false"/>
                <line number="32" hits="63" branch="false"/>
                <line number="33" hits="63" branch="false"/>
                <line number="34" hits="63" branch="false"/>
                <line number="37" hits="63" branch="false"/>
                <line number="38" hits="63" branch="false"/>
                <line number="39" hits="63" branch="false"/>
                <line number="40" hits="63" branch="false"/>
                <line number="42" hits="63" branch="false"/>
                <line number="43" hits="63" branch="false"/>
                <line number="44" hits="63" branch="false"/>
                <line number="45" hits="63" branch="false"/>
              </lines>
            </method>
            <method name="h_get_average_visit_specs" signature="" line-rate="1" branch-rate="0">
              <lines>
                <line number="53" hits="25" branch="false"/>
                <line number="54" hits="25" branch="false"/>
                <line number="55" hits="25" branch="false"/>
                <line number="56" hits="25" branch="false"/>
                <line number="57" hits="25" branch="false"/>
                <line number="58" hits="22" branch="false"/>
                <line number="59" hits="22" branch="false"/>
                <line number="61" hits="25" branch="false"/>
                <line number="62" hits="31" branch="false"/>
                <line number="63" hits="31" branch="false"/>
                <line number="64" hits="31" branch="false"/>
                <line number="65" hits="30" branch="false"/>
                <line number="66" hits="30" branch="false"/>
                <line number="67" hits="30" branch="false"/>
                <line number="69" hits="30" branch="false"/>
                <line number="70" hits="6" branch="false"/>
                <line number="71" hits="6" branch="false"/>
                <line number="72" hits="6" branch="false"/>
                <line number="73" hits="6" branch="false"/>
                <line number="74" hits="6" branch="false"/>
                <line number="76" hits="24" branch="false"/>
                <line number="77" hits="50" branch="false"/>
                <line number="78" hits="50" branch="false"/>
                <line number="79" hits="50" branch="false"/>
                <line number="80" hits="50" branch="false"/>
                <line number="81" hits="50" branch="false"/>
                <line number="82" hits="50" branch="false"/>
                <line number="83" hits="50" branch="false"/>
                <line number="84" hits="50" branch="false"/>
                <line number="85" hits="50" branch="false"/>
                <line number="86" hits="50" branch="false"/>
                <line number="87" hits="50" branch="false"/>
                <line number="91" hits="24" branch="false"/>
                <line number="92" hits="3" branch="false"/>
                <line number="93" hits="3" branch="false"/>
                <line number="95" hits="21" branch="false"/>
                <line number="96" hits="21" branch="false"/>
                <line number="98" hits="24" branch="false"/>
                <line number="99" hits="24" branch="false"/>
                <line number="100" hits="24" branch="false"/>
                <line number="101" hits="24" branch="false"/>
              </lines>
            </method>
            <method name="h_get_spec_visit_estimates" signature="" line-rate="1" branch-rate="0">
              <lines>
                <line number="111" hits="88" branch="false"/>
                <line number="112" hits="88" branch="false"/>
                <line number="113" hits="88" branch="false"/>
                <line number="114" hits="88" branch="false"/>
                <line number="116" hits="88" branch="false"/>
                <line number="117" hits="88" branch="false"/>
                <line number="118" hits="88" branch="false"/>
                <line number="119" hits="88" branch="false"/>
                <line number="120" hits="88" branch="false"/>
                <line number="121" hits="88" branch="false"/>
                <line number="122" hits="88" branch="false"/>
                <line number="123" hits="88" branch="false"/>
                <line number="124" hits="88" branch="false"/>
                <line number="125" hits="88" branch="false"/>
                <line number="126" hits="88" branch="false"/>
                <line number="127" hits="88" branch="false"/>
                <line number="128" hits="88" branch="false"/>
                <line number="129" hits="88" branch="false"/>
                <line number="130" hits="88" branch="false"/>
                <line number="131" hits="88" branch="false"/>
                <line number="132" hits="65" branch="false"/>
                <line number="133" hits="65" branch="false"/>
                <line number="134" hits="65" branch="false"/>
                <line number="136" hits="88" branch="false"/>
              </lines>
            </method>
            <method name="h_get_single_visit_estimates" signature="" line-rate="1" branch-rate="0">
              <lines>
                <line number="142" hits="52" branch="false"/>
                <line number="143" hits="52" branch="false"/>
                <line number="145" hits="52" branch="false"/>
                <line number="146" hits="52" branch="false"/>
                <line number="147" hits="52" branch="false"/>
                <line number="148" hits="52" branch="false"/>
                <line number="149" hits="52" branch="false"/>
                <line number="150" hits="52" branch="false"/>
                <line number="151" hits="52" branch="false"/>
                <line number="152" hits="52" branch="false"/>
                <line number="153" hits="52" branch="false"/>
                <line number="154" hits="52" branch="false"/>
                <line number="155" hits="52" branch="false"/>
                <line number="156" hits="52" branch="false"/>
              </lines>
            </method>
            <method name="h_get_relative_reduc_df" signature="" line-rate="1" branch-rate="0">
              <lines>
                <line number="166" hits="45" branch="false"/>
                <line number="167" hits="45" branch="false"/>
                <line number="169" hits="45" branch="false"/>
                <line number="170" hits="45" branch="false"/>
                <line number="171" hits="45" branch="false"/>
                <line number="172" hits="45" branch="false"/>
                <line number="173" hits="45" branch="false"/>
                <line number="174" hits="45" branch="false"/>
                <line number="175" hits="45" branch="false"/>
                <line number="176" hits="45" branch="false"/>
                <line number="177" hits="45" branch="false"/>
                <line number="178" hits="45" branch="false"/>
                <line number="179" hits="45" branch="false"/>
                <line number="180" hits="45" branch="false"/>
                <line number="181" hits="45" branch="false"/>
                <line number="182" hits="45" branch="false"/>
              </lines>
            </method>
            <method name="h_single_visit_contrast_specs" signature="" line-rate="1" branch-rate="0">
              <lines>
                <line number="188" hits="46" branch="false"/>
                <line number="189" hits="46" branch="false"/>
                <line number="191" hits="46" branch="false"/>
                <line number="193" hits="46" branch="false"/>
                <line number="195" hits="46" branch="false"/>
                <line number="196" hits="46" branch="false"/>
                <line number="197" hits="46" branch="false"/>
                <line number="198" hits="46" branch="false"/>
                <line number="199" hits="46" branch="false"/>
                <line number="200" hits="46" branch="false"/>
                <line number="201" hits="192" branch="false"/>
                <line number="202" hits="192" branch="false"/>
                <line number="203" hits="192" branch="false"/>
                <line number="204" hits="192" branch="false"/>
                <line number="205" hits="192" branch="false"/>
                <line number="206" hits="192" branch="false"/>
                <line number="207" hits="192" branch="false"/>
                <line number="208" hits="232" branch="false"/>
                <line number="209" hits="232" branch="false"/>
                <line number="210" hits="232" branch="false"/>
                <line number="211" hits="232" branch="false"/>
                <line number="212" hits="232" branch="false"/>
                <line number="213" hits="232" branch="false"/>
                <line number="214" hits="232" branch="false"/>
                <line number="216" hits="192" branch="false"/>
                <line number="219" hits="46" branch="false"/>
                <line number="220" hits="46" branch="false"/>
                <line number="221" hits="46" branch="false"/>
                <line number="222" hits="46" branch="false"/>
                <line number="223" hits="46" branch="false"/>
                <line number="224" hits="46" branch="false"/>
              </lines>
            </method>
            <method name="h_average_visit_contrast_specs" signature="" line-rate="1" branch-rate="0">
              <lines>
                <line number="231" hits="22" branch="false"/>
                <line number="232" hits="22" branch="false"/>
                <line number="233" hits="22" branch="false"/>
                <line number="234" hits="22" branch="false"/>
                <line number="235" hits="22" branch="false"/>
                <line number="236" hits="22" branch="false"/>
                <line number="237" hits="22" branch="false"/>
                <line number="238" hits="22" branch="false"/>
                <line number="239" hits="22" branch="false"/>
                <line number="240" hits="24" branch="false"/>
                <line number="241" hits="24" branch="false"/>
                <line number="242" hits="24" branch="false"/>
                <line number="243" hits="28" branch="false"/>
                <line number="244" hits="28" branch="false"/>
                <line number="245" hits="28" branch="false"/>
                <line number="246" hits="28" branch="false"/>
                <line number="247" hits="28" branch="false"/>
                <line number="248" hits="28" branch="false"/>
                <line number="249" hits="28" branch="false"/>
                <line number="250" hits="28" branch="false"/>
                <line number="251" hits="28" branch="false"/>
                <line number="255" hits="22" branch="false"/>
                <line number="256" hits="22" branch="false"/>
                <line number="258" hits="22" branch="false"/>
                <line number="259" hits="22" branch="false"/>
                <line number="260" hits="22" branch="false"/>
                <line number="261" hits="22" branch="false"/>
              </lines>
            </method>
            <method name="get_mmrm_lsmeans" signature="" line-rate="1" branch-rate="0">
              <lines>
                <line number="287" hits="49" branch="false"/>
                <line number="288" hits="49" branch="false"/>
                <line number="289" hits="49" branch="false"/>
                <line number="292" hits="49" branch="false"/>
                <line number="293" hits="49" branch="false"/>
                <line number="294" hits="21" branch="false"/>
                <line number="295" hits="21" branch="false"/>
                <line number="296" hits="21" branch="false"/>
                <line number="298" hits="49" branch="false"/>
                <line number="299" hits="49" branch="false"/>
                <line number="300" hits="5" branch="false"/>
                <line number="303" hits="44" branch="false"/>
                <line number="304" hits="44" branch="false"/>
                <line number="305" hits="44" branch="false"/>
                <line number="306" hits="20" branch="false"/>
                <line number="307" hits="20" branch="false"/>
                <line number="308" hits="20" branch="false"/>
                <line number="311" hits="44" branch="false"/>
                <line number="312" hits="44" branch="false"/>
                <line number="313" hits="44" branch="false"/>
                <line number="314" hits="44" branch="false"/>
                <line number="315" hits="44" branch="false"/>
                <line number="316" hits="44" branch="false"/>
                <line number="317" hits="44" branch="false"/>
                <line number="318" hits="44" branch="false"/>
                <line number="319" hits="44" branch="false"/>
                <line number="320" hits="44" branch="false"/>
                <line number="321" hits="44" branch="false"/>
                <line number="322" hits="44" branch="false"/>
                <line number="323" hits="44" branch="false"/>
                <line number="324" hits="44" branch="false"/>
                <line number="325" hits="44" branch="false"/>
                <line number="326" hits="44" branch="false"/>
                <line number="327" hits="44" branch="false"/>
              </lines>
            </method>
          </methods>
          <lines>
            <line number="24" hits="63" branch="false"/>
            <line number="25" hits="63" branch="false"/>
            <line number="26" hits="63" branch="false"/>
            <line number="27" hits="63" branch="false"/>
            <line number="29" hits="63" branch="false"/>
            <line number="30" hits="63" branch="false"/>
            <line number="31" hits="63" branch="false"/>
[...]
            <line number="251" hits="5" branch="false"/>
            <line number="252" hits="5" branch="false"/>
            <line number="253" hits="5" branch="false"/>
            <line number="254" hits="5" branch="false"/>
            <line number="255" hits="5" branch="false"/>
            <line number="256" hits="5" branch="false"/>
            <line number="257" hits="5" branch="false"/>
            <line number="258" hits="5" branch="false"/>
            <line number="259" hits="5" branch="false"/>
            <line number="271" hits="3" branch="false"/>
            <line number="272" hits="3" branch="false"/>
            <line number="273" hits="3" branch="false"/>
            <line number="274" hits="3" branch="false"/>
            <line number="275" hits="3" branch="false"/>
            <line number="276" hits="3" branch="false"/>
            <line number="277" hits="3" branch="false"/>
            <line number="278" hits="3" branch="false"/>
            <line number="279" hits="2" branch="false"/>
            <line number="280" hits="2" branch="false"/>
            <line number="281" hits="2" branch="false"/>
            <line number="282" hits="2" branch="false"/>
            <line number="283" hits="2" branch="false"/>
            <line number="284" hits="2" branch="false"/>
            <line number="285" hits="2" branch="false"/>
            <line number="286" hits="3" branch="false"/>
            <line number="287" hits="3" branch="false"/>
            <line number="288" hits="3" branch="false"/>
            <line number="289" hits="3" branch="false"/>
            <line number="290" hits="3" branch="false"/>
            <line number="291" hits="3" branch="false"/>
            <line number="292" hits="3" branch="false"/>
            <line number="293" hits="3" branch="false"/>
            <line number="294" hits="3" branch="false"/>
            <line number="295" hits="3" branch="false"/>
            <line number="296" hits="3" branch="false"/>
            <line number="297" hits="3" branch="false"/>
            <line number="298" hits="3" branch="false"/>
            <line number="380" hits="2" branch="false"/>
            <line number="381" hits="2" branch="false"/>
            <line number="382" hits="2" branch="false"/>
            <line number="384" hits="2" branch="false"/>
            <line number="388" hits="2" branch="false"/>
            <line number="389" hits="2" branch="false"/>
            <line number="390" hits="2" branch="false"/>
            <line number="391" hits="2" branch="false"/>
            <line number="392" hits="2" branch="false"/>
            <line number="393" hits="2" branch="false"/>
            <line number="394" hits="2" branch="false"/>
            <line number="395" hits="2" branch="false"/>
            <line number="396" hits="2" branch="false"/>
            <line number="397" hits="2" branch="false"/>
            <line number="398" hits="2" branch="false"/>
            <line number="399" hits="2" branch="false"/>
            <line number="400" hits="2" branch="false"/>
            <line number="401" hits="2" branch="false"/>
            <line number="402" hits="2" branch="false"/>
            <line number="405" hits="2" branch="false"/>
            <line number="406" hits="1" branch="false"/>
            <line number="407" hits="1" branch="false"/>
            <line number="408" hits="1" branch="false"/>
            <line number="409" hits="1" branch="false"/>
            <line number="410" hits="1" branch="false"/>
            <line number="411" hits="1" branch="false"/>
            <line number="412" hits="1" branch="false"/>
            <line number="413" hits="1" branch="false"/>
            <line number="414" hits="1" branch="false"/>
            <line number="415" hits="1" branch="false"/>
            <line number="416" hits="1" branch="false"/>
            <line number="417" hits="1" branch="false"/>
            <line number="418" hits="1" branch="false"/>
            <line number="419" hits="1" branch="false"/>
            <line number="420" hits="1" branch="false"/>
            <line number="421" hits="1" branch="false"/>
            <line number="422" hits="1" branch="false"/>
            <line number="424" hits="1" branch="false"/>
            <line number="425" hits="1" branch="false"/>
            <line number="426" hits="1" branch="false"/>
            <line number="427" hits="1" branch="false"/>
            <line number="428" hits="1" branch="false"/>
            <line number="429" hits="1" branch="false"/>
            <line number="430" hits="1" branch="false"/>
            <line number="431" hits="1" branch="false"/>
            <line number="432" hits="1" branch="false"/>
            <line number="433" hits="1" branch="false"/>
            <line number="434" hits="1" branch="false"/>
            <line number="435" hits="1" branch="false"/>
            <line number="436" hits="1" branch="false"/>
            <line number="437" hits="1" branch="false"/>
            <line number="440" hits="1" branch="false"/>
            <line number="442" hits="1" branch="false"/>
            <line number="446" hits="2" branch="false"/>
            <line number="447" hits="2" branch="false"/>
            <line number="448" hits="2" branch="false"/>
            <line number="449" hits="2" branch="false"/>
            <line number="450" hits="2" branch="false"/>
            <line number="451" hits="2" branch="false"/>
            <line number="452" hits="2" branch="false"/>
            <line number="453" hits="2" branch="false"/>
            <line number="454" hits="2" branch="false"/>
            <line number="455" hits="2" branch="false"/>
            <line number="456" hits="2" branch="false"/>
            <line number="457" hits="2" branch="false"/>
            <line number="458" hits="2" branch="false"/>
            <line number="459" hits="2" branch="false"/>
            <line number="460" hits="2" branch="false"/>
            <line number="461" hits="2" branch="false"/>
            <line number="462" hits="2" branch="false"/>
            <line number="464" hits="2" branch="false"/>
            <line number="465" hits="2" branch="false"/>
            <line number="466" hits="2" branch="false"/>
            <line number="467" hits="2" branch="false"/>
            <line number="468" hits="2" branch="false"/>
            <line number="469" hits="2" branch="false"/>
            <line number="470" hits="2" branch="false"/>
            <line number="471" hits="2" branch="false"/>
            <line number="472" hits="2" branch="false"/>
            <line number="473" hits="2" branch="false"/>
            <line number="474" hits="2" branch="false"/>
            <line number="475" hits="2" branch="false"/>
            <line number="476" hits="2" branch="false"/>
            <line number="477" hits="2" branch="false"/>
            <line number="479" hits="2" branch="false"/>
            <line number="481" hits="2" branch="false"/>
            <line number="482" hits="2" branch="false"/>
            <line number="483" hits="1" branch="false"/>
            <line number="484" hits="1" branch="false"/>
            <line number="485" hits="1" branch="false"/>
            <line number="488" hits="1" branch="false"/>
            <line number="490" hits="1" branch="false"/>
            <line number="491" hits="1" branch="false"/>
            <line number="492" hits="1" branch="false"/>
            <line number="495" hits="2" branch="false"/>
            <line number="496" hits="2" branch="false"/>
            <line number="497" hits="2" branch="false"/>
            <line number="498" hits="2" branch="false"/>
            <line number="499" hits="2" branch="false"/>
            <line number="500" hits="2" branch="false"/>
            <line number="501" hits="2" branch="false"/>
          </lines>
        </class>
        <class name="tabulate_mmrm.R" filename="R/tabulate_mmrm.R" line-rate="1" branch-rate="0" complexity="0">
          <methods>
            <method name="as.rtable.tern_mmrm" signature="" line-rate="1" branch-rate="0">
              <lines>
                <line number="57" hits="6" branch="false"/>
                <line number="58" hits="6" branch="false"/>
                <line number="59" hits="2" branch="false"/>
                <line number="60" hits="2" branch="false"/>
                <line number="61" hits="2" branch="false"/>
              </lines>
            </method>
            <method name="h_mmrm_fixed" signature="" line-rate="1" branch-rate="0">
              <lines>
                <line number="69" hits="3" branch="false"/>
                <line number="70" hits="3" branch="false"/>
                <line number="71" hits="3" branch="false"/>
                <line number="72" hits="3" branch="false"/>
                <line number="73" hits="3" branch="false"/>
                <line number="74" hits="3" branch="false"/>
                <line number="75" hits="3" branch="false"/>
              </lines>
            </method>
            <method name="h_mmrm_cov" signature="" line-rate="1" branch-rate="0">
              <lines>
                <line number="81" hits="3" branch="false"/>
                <line number="82" hits="3" branch="false"/>
              </lines>
            </method>
            <method name="h_mmrm_diagnostic" signature="" line-rate="1" branch-rate="0">
              <lines>
                <line number="88" hits="3" branch="false"/>
                <line number="89" hits="3" branch="false"/>
                <line number="90" hits="3" branch="false"/>
                <line number="91" hits="3" branch="false"/>
                <line number="92" hits="3" branch="false"/>
                <line number="93" hits="3" branch="false"/>
                <line number="94" hits="3" branch="false"/>
                <line number="95" hits="3" branch="false"/>
                <line number="96" hits="3" branch="false"/>
                <line number="97" hits="3" branch="false"/>
                <line number="98" hits="3" branch="false"/>
                <line number="99" hits="3" branch="false"/>
                <line number="100" hits="3" branch="false"/>
              </lines>
            </method>
            <method name="tidy.tern_mmrm" signature="" line-rate="1" branch-rate="0">
              <lines>
                <line number="116" hits="9" branch="false"/>
                <line number="117" hits="9" branch="false"/>
                <line number="118" hits="9" branch="false"/>
                <line number="119" hits="3" branch="false"/>
                <line number="120" hits="3" branch="false"/>
                <line number="121" hits="3" branch="false"/>
                <line number="122" hits="3" branch="false"/>
                <line number="123" hits="9" branch="false"/>
                <line number="124" hits="6" branch="false"/>
                <line number="125" hits="6" branch="false"/>
                <line number="126" hits="6" branch="false"/>
                <line number="127" hits="6" branch="false"/>
                <line number="128" hits="6" branch="false"/>
                <line number="129" hits="6" branch="false"/>
                <line number="130" hits="6" branch="false"/>
                <line number="131" hits="6" branch="false"/>
                <line number="132" hits="6" branch="false"/>
                <line number="133" hits="9" branch="false"/>
                <line number="134" hits="9" branch="false"/>
                <line number="135" hits="9" branch="false"/>
              </lines>
            </method>
            <method name="s_mmrm_lsmeans" signature="" line-rate="1" branch-rate="0">
              <lines>
                <line number="148" hits="2" branch="false"/>
                <line number="149" hits="2" branch="false"/>
                <line number="150" hits="2" branch="false"/>
                <line number="151" hits="2" branch="false"/>
                <line number="152" hits="2" branch="false"/>
                <line number="153" hits="2" branch="false"/>
                <line number="154" hits="2" branch="false"/>
                <line number="155" hits="2" branch="false"/>
                <line number="156" hits="2" branch="false"/>
                <line number="157" hits="2" branch="false"/>
                <line number="158" hits="2" branch="false"/>
                <line number="159" hits="2" branch="false"/>
                <line number="160" hits="2" branch="false"/>
                <line number="161" hits="2" branch="false"/>
                <line number="162" hits="2" branch="false"/>
                <line number="163" hits="2" branch="false"/>
                <line number="164" hits="2" branch="false"/>
              </lines>
            </method>
            <method name="s_mmrm_lsmeans_single" signature="" line-rate="1" branch-rate="0">
              <lines>
                <line number="202" hits="1" branch="false"/>
                <line number="203" hits="1" branch="false"/>
                <line number="204" hits="1" branch="false"/>
                <line number="205" hits="1" branch="false"/>
                <line number="206" hits="1" branch="false"/>
              </lines>
            </method>
            <method name="summarize_lsmeans" signature="" line-rate="1" branch-rate="0">
              <lines>
                <line number="273" hits="4" branch="false"/>
                <line number="274" hits="4" branch="false"/>
                <line number="275" hits="4" branch="false"/>
                <line number="276" hits="4" branch="false"/>
                <line number="277" hits="4" branch="false"/>
                <line number="278" hits="4" branch="false"/>
                <line number="279" hits="4" branch="false"/>
                <line number="280" hits="4" branch="false"/>
                <line number="281" hits="4" branch="false"/>
                <line number="282" hits="4" branch="false"/>
                <line number="283" hits="4" branch="false"/>
                <line number="284" hits="4" branch="false"/>
                <line number="285" hits="4" branch="false"/>
                <line number="286" hits="4" branch="false"/>
              </lines>
            </method>
          </methods>
          <lines>
            <line number="57" hits="6" branch="false"/>
            <line number="58" hits="6" branch="false"/>
            <line number="59" hits="2" branch="false"/>
            <line number="60" hits="2" branch="false"/>
            <line number="61" hits="2" branch="false"/>
            <line number="69" hits="3" branch="false"/>
            <line number="70" hits="3" branch="false"/>
            <line number="71" hits="3" branch="false"/>
            <line number="72" hits="3" branch="false"/>
            <line number="73" hits="3" branch="false"/>
            <line number="74" hits="3" branch="false"/>
            <line number="75" hits="3" branch="false"/>
            <line number="81" hits="3" branch="false"/>
            <line number="82" hits="3" branch="false"/>
            <line number="88" hits="3" branch="false"/>
            <line number="89" hits="3" branch="false"/>
            <line number="90" hits="3" branch="false"/>
            <line number="91" hits="3" branch="false"/>
            <line number="92" hits="3" branch="false"/>
            <line number="93" hits="3" branch="false"/>
            <line number="94" hits="3" branch="false"/>
            <line number="95" hits="3" branch="false"/>
            <line number="96" hits="3" branch="false"/>
            <line number="97" hits="3" branch="false"/>
            <line number="98" hits="3" branch="false"/>
            <line number="99" hits="3" branch="false"/>
            <line number="100" hits="3" branch="false"/>
            <line number="116" hits="9" branch="false"/>
            <line number="117" hits="9" branch="false"/>
            <line number="118" hits="9" branch="false"/>
            <line number="119" hits="3" branch="false"/>
            <line number="120" hits="3" branch="false"/>
            <line number="121" hits="3" branch="false"/>
            <line number="122" hits="3" branch="false"/>
            <line number="123" hits="9" branch="false"/>
            <line number="124" hits="6" branch="false"/>
            <line number="125" hits="6" branch="false"/>
            <line number="126" hits="6" branch="false"/>
            <line number="127" hits="6" branch="false"/>
            <line number="128" hits="6" branch="false"/>
            <line number="129" hits="6" branch="false"/>
            <line number="130" hits="6" branch="false"/>
            <line number="131" hits="6" branch="false"/>
            <line number="132" hits="6" branch="false"/>
            <line number="133" hits="9" branch="false"/>
            <line number="134" hits="9" branch="false"/>
            <line number="135" hits="9" branch="false"/>
            <line number="148" hits="2" branch="false"/>
            <line number="149" hits="2" branch="false"/>
            <line number="150" hits="2" branch="false"/>
            <line number="151" hits="2" branch="false"/>
            <line number="152" hits="2" branch="false"/>
            <line number="153" hits="2" branch="false"/>
            <line number="154" hits="2" branch="false"/>
            <line number="155" hits="2" branch="false"/>
            <line number="156" hits="2" branch="false"/>
            <line number="157" hits="2" branch="false"/>
            <line number="158" hits="2" branch="false"/>
            <line number="159" hits="2" branch="false"/>
            <line number="160" hits="2" branch="false"/>
            <line number="161" hits="2" branch="false"/>
            <line number="162" hits="2" branch="false"/>
            <line number="163" hits="2" branch="false"/>
            <line number="164" hits="2" branch="false"/>
            <line number="202" hits="1" branch="false"/>
            <line number="203" hits="1" branch="false"/>
            <line number="204" hits="1" branch="false"/>
            <line number="205" hits="1" branch="false"/>
            <line number="206" hits="1" branch="false"/>
            <line number="273" hits="4" branch="false"/>
            <line number="274" hits="4" branch="false"/>
            <line number="275" hits="4" branch="false"/>
            <line number="276" hits="4" branch="false"/>
            <line number="277" hits="4" branch="false"/>
            <line number="278" hits="4" branch="false"/>
            <line number="279" hits="4" branch="false"/>
            <line number="280" hits="4" branch="false"/>
            <line number="281" hits="4" branch="false"/>
            <line number="282" hits="4" branch="false"/>
            <line number="283" hits="4" branch="false"/>
            <line number="284" hits="4" branch="false"/>
            <line number="285" hits="4" branch="false"/>
            <line number="286" hits="4" branch="false"/>
          </lines>
        </class>
        <class name="utils.R" filename="R/utils.R" line-rate="1" branch-rate="0" complexity="0">
          <methods>
            <method name="h_get_covariate_parts" signature="" line-rate="1" branch-rate="0">
              <lines>
                <line number="8" hits="110" branch="false"/>
                <line number="9" hits="110" branch="false"/>
                <line number="10" hits="8" branch="false"/>
                <line number="12" hits="102" branch="false"/>
              </lines>
            </method>
          </methods>
          <lines>
            <line number="8" hits="110" branch="false"/>
            <line number="9" hits="110" branch="false"/>
            <line number="10" hits="8" branch="false"/>
            <line number="12" hits="102" branch="false"/>
          </lines>
        </class>
      </classes>
    </package>
  </packages>
</coverage>
